2017-04-01 03:21:41 Error: [MissingControllerException] Controller class TemplateController could not be found.
Exception Attributes: array (
  'class' => 'TemplateController',
  'plugin' => NULL,
)
Request URL: /template/AdminLTE-2.3.0/dist/fonts/glyphicons-halflings-regular.woff
Stack Trace:
#0 C:\CUBETECH\Soltera\Repo\CUBETECH-SOLTERA\app\webroot\index.php(118): Dispatcher->dispatch(Object(CakeRequest), Object(CakeResponse))
#1 {main}
2017-04-01 03:21:41 Error: [MissingControllerException] Controller class TemplateController could not be found.
Exception Attributes: array (
  'class' => 'TemplateController',
  'plugin' => NULL,
)
Request URL: /template/AdminLTE-2.3.0/dist/fonts/glyphicons-halflings-regular.woff2
Stack Trace:
#0 C:\CUBETECH\Soltera\Repo\CUBETECH-SOLTERA\app\webroot\index.php(118): Dispatcher->dispatch(Object(CakeRequest), Object(CakeResponse))
#1 {main}
2017-04-01 03:21:41 Error: [MissingControllerException] Controller class TemplateController could not be found.
Exception Attributes: array (
  'class' => 'TemplateController',
  'plugin' => NULL,
)
Request URL: /template/AdminLTE-2.3.0/dist/fonts/glyphicons-halflings-regular.ttf
Stack Trace:
#0 C:\CUBETECH\Soltera\Repo\CUBETECH-SOLTERA\app\webroot\index.php(118): Dispatcher->dispatch(Object(CakeRequest), Object(CakeResponse))
#1 {main}
2017-04-01 03:21:45 Error: [MissingControllerException] Controller class TemplateController could not be found.
Exception Attributes: array (
  'class' => 'TemplateController',
  'plugin' => NULL,
)
Request URL: /template/AdminLTE-2.3.0/dist/fonts/glyphicons-halflings-regular.woff
Stack Trace:
#0 C:\CUBETECH\Soltera\Repo\CUBETECH-SOLTERA\app\webroot\index.php(118): Dispatcher->dispatch(Object(CakeRequest), Object(CakeResponse))
#1 {main}
2017-04-01 03:21:46 Error: [MissingControllerException] Controller class TemplateController could not be found.
Exception Attributes: array (
  'class' => 'TemplateController',
  'plugin' => NULL,
)
Request URL: /template/AdminLTE-2.3.0/dist/fonts/glyphicons-halflings-regular.woff2
Stack Trace:
#0 C:\CUBETECH\Soltera\Repo\CUBETECH-SOLTERA\app\webroot\index.php(118): Dispatcher->dispatch(Object(CakeRequest), Object(CakeResponse))
#1 {main}
2017-04-01 03:21:46 Error: [MissingControllerException] Controller class TemplateController could not be found.
Exception Attributes: array (
  'class' => 'TemplateController',
  'plugin' => NULL,
)
Request URL: /template/AdminLTE-2.3.0/dist/fonts/glyphicons-halflings-regular.ttf
Stack Trace:
#0 C:\CUBETECH\Soltera\Repo\CUBETECH-SOLTERA\app\webroot\index.php(118): Dispatcher->dispatch(Object(CakeRequest), Object(CakeResponse))
#1 {main}
2017-04-01 03:21:52 Error: [MissingControllerException] Controller class TemplateController could not be found.
Exception Attributes: array (
  'class' => 'TemplateController',
  'plugin' => NULL,
)
Request URL: /template/AdminLTE-2.3.0/dist/fonts/glyphicons-halflings-regular.woff
Stack Trace:
#0 C:\CUBETECH\Soltera\Repo\CUBETECH-SOLTERA\app\webroot\index.php(118): Dispatcher->dispatch(Object(CakeRequest), Object(CakeResponse))
#1 {main}
2017-04-01 03:21:52 Error: [MissingControllerException] Controller class TemplateController could not be found.
Exception Attributes: array (
  'class' => 'TemplateController',
  'plugin' => NULL,
)
Request URL: /template/AdminLTE-2.3.0/dist/fonts/glyphicons-halflings-regular.woff2
Stack Trace:
#0 C:\CUBETECH\Soltera\Repo\CUBETECH-SOLTERA\app\webroot\index.php(118): Dispatcher->dispatch(Object(CakeRequest), Object(CakeResponse))
#1 {main}
2017-04-01 03:21:52 Error: [MissingControllerException] Controller class TemplateController could not be found.
Exception Attributes: array (
  'class' => 'TemplateController',
  'plugin' => NULL,
)
Request URL: /template/AdminLTE-2.3.0/dist/fonts/glyphicons-halflings-regular.ttf
Stack Trace:
#0 C:\CUBETECH\Soltera\Repo\CUBETECH-SOLTERA\app\webroot\index.php(118): Dispatcher->dispatch(Object(CakeRequest), Object(CakeResponse))
#1 {main}
2017-04-01 03:21:57 Error: [MissingControllerException] Controller class TemplateController could not be found.
Exception Attributes: array (
  'class' => 'TemplateController',
  'plugin' => NULL,
)
Request URL: /template/AdminLTE-2.3.0/dist/fonts/glyphicons-halflings-regular.woff
Stack Trace:
#0 C:\CUBETECH\Soltera\Repo\CUBETECH-SOLTERA\app\webroot\index.php(118): Dispatcher->dispatch(Object(CakeRequest), Object(CakeResponse))
#1 {main}
2017-04-01 03:21:58 Error: [MissingControllerException] Controller class TemplateController could not be found.
Exception Attributes: array (
  'class' => 'TemplateController',
  'plugin' => NULL,
)
Request URL: /template/AdminLTE-2.3.0/dist/fonts/glyphicons-halflings-regular.woff2
Stack Trace:
#0 C:\CUBETECH\Soltera\Repo\CUBETECH-SOLTERA\app\webroot\index.php(118): Dispatcher->dispatch(Object(CakeRequest), Object(CakeResponse))
#1 {main}
2017-04-01 03:21:58 Error: [MissingControllerException] Controller class TemplateController could not be found.
Exception Attributes: array (
  'class' => 'TemplateController',
  'plugin' => NULL,
)
Request URL: /template/AdminLTE-2.3.0/dist/fonts/glyphicons-halflings-regular.ttf
Stack Trace:
#0 C:\CUBETECH\Soltera\Repo\CUBETECH-SOLTERA\app\webroot\index.php(118): Dispatcher->dispatch(Object(CakeRequest), Object(CakeResponse))
#1 {main}
2017-04-01 03:22:04 Error: [MissingControllerException] Controller class TemplateController could not be found.
Exception Attributes: array (
  'class' => 'TemplateController',
  'plugin' => NULL,
)
Request URL: /template/AdminLTE-2.3.0/dist/fonts/glyphicons-halflings-regular.woff
Stack Trace:
#0 C:\CUBETECH\Soltera\Repo\CUBETECH-SOLTERA\app\webroot\index.php(118): Dispatcher->dispatch(Object(CakeRequest), Object(CakeResponse))
#1 {main}
2017-04-01 03:22:04 Error: [MissingControllerException] Controller class TemplateController could not be found.
Exception Attributes: array (
  'class' => 'TemplateController',
  'plugin' => NULL,
)
Request URL: /template/AdminLTE-2.3.0/dist/fonts/glyphicons-halflings-regular.woff2
Stack Trace:
#0 C:\CUBETECH\Soltera\Repo\CUBETECH-SOLTERA\app\webroot\index.php(118): Dispatcher->dispatch(Object(CakeRequest), Object(CakeResponse))
#1 {main}
2017-04-01 03:22:04 Error: [MissingControllerException] Controller class TemplateController could not be found.
Exception Attributes: array (
  'class' => 'TemplateController',
  'plugin' => NULL,
)
Request URL: /template/AdminLTE-2.3.0/dist/fonts/glyphicons-halflings-regular.ttf
Stack Trace:
#0 C:\CUBETECH\Soltera\Repo\CUBETECH-SOLTERA\app\webroot\index.php(118): Dispatcher->dispatch(Object(CakeRequest), Object(CakeResponse))
#1 {main}
2017-04-01 03:22:08 Error: [MissingControllerException] Controller class TemplateController could not be found.
Exception Attributes: array (
  'class' => 'TemplateController',
  'plugin' => NULL,
)
Request URL: /template/AdminLTE-2.3.0/dist/fonts/glyphicons-halflings-regular.woff
Stack Trace:
#0 C:\CUBETECH\Soltera\Repo\CUBETECH-SOLTERA\app\webroot\index.php(118): Dispatcher->dispatch(Object(CakeRequest), Object(CakeResponse))
#1 {main}
2017-04-01 03:22:08 Error: [MissingControllerException] Controller class TemplateController could not be found.
Exception Attributes: array (
  'class' => 'TemplateController',
  'plugin' => NULL,
)
Request URL: /template/AdminLTE-2.3.0/dist/fonts/glyphicons-halflings-regular.woff2
Stack Trace:
#0 C:\CUBETECH\Soltera\Repo\CUBETECH-SOLTERA\app\webroot\index.php(118): Dispatcher->dispatch(Object(CakeRequest), Object(CakeResponse))
#1 {main}
2017-04-01 03:22:08 Error: [MissingControllerException] Controller class TemplateController could not be found.
Exception Attributes: array (
  'class' => 'TemplateController',
  'plugin' => NULL,
)
Request URL: /template/AdminLTE-2.3.0/dist/fonts/glyphicons-halflings-regular.ttf
Stack Trace:
#0 C:\CUBETECH\Soltera\Repo\CUBETECH-SOLTERA\app\webroot\index.php(118): Dispatcher->dispatch(Object(CakeRequest), Object(CakeResponse))
#1 {main}
2017-04-01 03:22:13 Error: [MissingControllerException] Controller class TemplateController could not be found.
Exception Attributes: array (
  'class' => 'TemplateController',
  'plugin' => NULL,
)
Request URL: /template/AdminLTE-2.3.0/dist/fonts/glyphicons-halflings-regular.woff
Stack Trace:
#0 C:\CUBETECH\Soltera\Repo\CUBETECH-SOLTERA\app\webroot\index.php(118): Dispatcher->dispatch(Object(CakeRequest), Object(CakeResponse))
#1 {main}
2017-04-01 03:22:13 Error: [MissingControllerException] Controller class TemplateController could not be found.
Exception Attributes: array (
  'class' => 'TemplateController',
  'plugin' => NULL,
)
Request URL: /template/AdminLTE-2.3.0/dist/fonts/glyphicons-halflings-regular.woff2
Stack Trace:
#0 C:\CUBETECH\Soltera\Repo\CUBETECH-SOLTERA\app\webroot\index.php(118): Dispatcher->dispatch(Object(CakeRequest), Object(CakeResponse))
#1 {main}
2017-04-01 03:22:13 Error: [MissingControllerException] Controller class TemplateController could not be found.
Exception Attributes: array (
  'class' => 'TemplateController',
  'plugin' => NULL,
)
Request URL: /template/AdminLTE-2.3.0/dist/fonts/glyphicons-halflings-regular.ttf
Stack Trace:
#0 C:\CUBETECH\Soltera\Repo\CUBETECH-SOLTERA\app\webroot\index.php(118): Dispatcher->dispatch(Object(CakeRequest), Object(CakeResponse))
#1 {main}
2017-04-01 03:22:19 Error: [MissingControllerException] Controller class TemplateController could not be found.
Exception Attributes: array (
  'class' => 'TemplateController',
  'plugin' => NULL,
)
Request URL: /template/AdminLTE-2.3.0/dist/fonts/glyphicons-halflings-regular.woff
Stack Trace:
#0 C:\CUBETECH\Soltera\Repo\CUBETECH-SOLTERA\app\webroot\index.php(118): Dispatcher->dispatch(Object(CakeRequest), Object(CakeResponse))
#1 {main}
2017-04-01 03:22:20 Error: [MissingControllerException] Controller class TemplateController could not be found.
Exception Attributes: array (
  'class' => 'TemplateController',
  'plugin' => NULL,
)
Request URL: /template/AdminLTE-2.3.0/dist/fonts/glyphicons-halflings-regular.woff2
Stack Trace:
#0 C:\CUBETECH\Soltera\Repo\CUBETECH-SOLTERA\app\webroot\index.php(118): Dispatcher->dispatch(Object(CakeRequest), Object(CakeResponse))
#1 {main}
2017-04-01 03:22:20 Error: [MissingControllerException] Controller class TemplateController could not be found.
Exception Attributes: array (
  'class' => 'TemplateController',
  'plugin' => NULL,
)
Request URL: /template/AdminLTE-2.3.0/dist/fonts/glyphicons-halflings-regular.ttf
Stack Trace:
#0 C:\CUBETECH\Soltera\Repo\CUBETECH-SOLTERA\app\webroot\index.php(118): Dispatcher->dispatch(Object(CakeRequest), Object(CakeResponse))
#1 {main}
2017-04-01 03:22:23 Error: [MissingControllerException] Controller class TemplateController could not be found.
Exception Attributes: array (
  'class' => 'TemplateController',
  'plugin' => NULL,
)
Request URL: /template/AdminLTE-2.3.0/dist/fonts/glyphicons-halflings-regular.woff
Stack Trace:
#0 C:\CUBETECH\Soltera\Repo\CUBETECH-SOLTERA\app\webroot\index.php(118): Dispatcher->dispatch(Object(CakeRequest), Object(CakeResponse))
#1 {main}
2017-04-01 03:22:23 Error: [MissingControllerException] Controller class TemplateController could not be found.
Exception Attributes: array (
  'class' => 'TemplateController',
  'plugin' => NULL,
)
Request URL: /template/AdminLTE-2.3.0/dist/fonts/glyphicons-halflings-regular.woff2
Stack Trace:
#0 C:\CUBETECH\Soltera\Repo\CUBETECH-SOLTERA\app\webroot\index.php(118): Dispatcher->dispatch(Object(CakeRequest), Object(CakeResponse))
#1 {main}
2017-04-01 03:22:23 Error: [MissingControllerException] Controller class TemplateController could not be found.
Exception Attributes: array (
  'class' => 'TemplateController',
  'plugin' => NULL,
)
Request URL: /template/AdminLTE-2.3.0/dist/fonts/glyphicons-halflings-regular.ttf
Stack Trace:
#0 C:\CUBETECH\Soltera\Repo\CUBETECH-SOLTERA\app\webroot\index.php(118): Dispatcher->dispatch(Object(CakeRequest), Object(CakeResponse))
#1 {main}
2017-04-01 03:22:26 Error: [MissingControllerException] Controller class TemplateController could not be found.
Exception Attributes: array (
  'class' => 'TemplateController',
  'plugin' => NULL,
)
Request URL: /template/AdminLTE-2.3.0/dist/fonts/glyphicons-halflings-regular.woff
Stack Trace:
#0 C:\CUBETECH\Soltera\Repo\CUBETECH-SOLTERA\app\webroot\index.php(118): Dispatcher->dispatch(Object(CakeRequest), Object(CakeResponse))
#1 {main}
2017-04-01 03:22:26 Error: [MissingControllerException] Controller class TemplateController could not be found.
Exception Attributes: array (
  'class' => 'TemplateController',
  'plugin' => NULL,
)
Request URL: /template/AdminLTE-2.3.0/dist/fonts/glyphicons-halflings-regular.woff2
Stack Trace:
#0 C:\CUBETECH\Soltera\Repo\CUBETECH-SOLTERA\app\webroot\index.php(118): Dispatcher->dispatch(Object(CakeRequest), Object(CakeResponse))
#1 {main}
2017-04-01 03:22:26 Error: [MissingControllerException] Controller class TemplateController could not be found.
Exception Attributes: array (
  'class' => 'TemplateController',
  'plugin' => NULL,
)
Request URL: /template/AdminLTE-2.3.0/dist/fonts/glyphicons-halflings-regular.ttf
Stack Trace:
#0 C:\CUBETECH\Soltera\Repo\CUBETECH-SOLTERA\app\webroot\index.php(118): Dispatcher->dispatch(Object(CakeRequest), Object(CakeResponse))
#1 {main}
2017-04-01 03:22:31 Error: [MissingControllerException] Controller class TemplateController could not be found.
Exception Attributes: array (
  'class' => 'TemplateController',
  'plugin' => NULL,
)
Request URL: /template/AdminLTE-2.3.0/dist/fonts/glyphicons-halflings-regular.woff
Stack Trace:
#0 C:\CUBETECH\Soltera\Repo\CUBETECH-SOLTERA\app\webroot\index.php(118): Dispatcher->dispatch(Object(CakeRequest), Object(CakeResponse))
#1 {main}
2017-04-01 03:22:31 Error: [MissingControllerException] Controller class TemplateController could not be found.
Exception Attributes: array (
  'class' => 'TemplateController',
  'plugin' => NULL,
)
Request URL: /template/AdminLTE-2.3.0/dist/fonts/glyphicons-halflings-regular.woff2
Stack Trace:
#0 C:\CUBETECH\Soltera\Repo\CUBETECH-SOLTERA\app\webroot\index.php(118): Dispatcher->dispatch(Object(CakeRequest), Object(CakeResponse))
#1 {main}
2017-04-01 03:22:31 Error: [MissingControllerException] Controller class TemplateController could not be found.
Exception Attributes: array (
  'class' => 'TemplateController',
  'plugin' => NULL,
)
Request URL: /template/AdminLTE-2.3.0/dist/fonts/glyphicons-halflings-regular.ttf
Stack Trace:
#0 C:\CUBETECH\Soltera\Repo\CUBETECH-SOLTERA\app\webroot\index.php(118): Dispatcher->dispatch(Object(CakeRequest), Object(CakeResponse))
#1 {main}
2017-04-01 03:22:35 Error: [MissingControllerException] Controller class TemplateController could not be found.
Exception Attributes: array (
  'class' => 'TemplateController',
  'plugin' => NULL,
)
Request URL: /template/AdminLTE-2.3.0/dist/fonts/glyphicons-halflings-regular.woff
Stack Trace:
#0 C:\CUBETECH\Soltera\Repo\CUBETECH-SOLTERA\app\webroot\index.php(118): Dispatcher->dispatch(Object(CakeRequest), Object(CakeResponse))
#1 {main}
2017-04-01 03:22:35 Error: [MissingControllerException] Controller class TemplateController could not be found.
Exception Attributes: array (
  'class' => 'TemplateController',
  'plugin' => NULL,
)
Request URL: /template/AdminLTE-2.3.0/dist/fonts/glyphicons-halflings-regular.woff2
Stack Trace:
#0 C:\CUBETECH\Soltera\Repo\CUBETECH-SOLTERA\app\webroot\index.php(118): Dispatcher->dispatch(Object(CakeRequest), Object(CakeResponse))
#1 {main}
2017-04-01 03:22:36 Error: [MissingControllerException] Controller class TemplateController could not be found.
Exception Attributes: array (
  'class' => 'TemplateController',
  'plugin' => NULL,
)
Request URL: /template/AdminLTE-2.3.0/dist/fonts/glyphicons-halflings-regular.ttf
Stack Trace:
#0 C:\CUBETECH\Soltera\Repo\CUBETECH-SOLTERA\app\webroot\index.php(118): Dispatcher->dispatch(Object(CakeRequest), Object(CakeResponse))
#1 {main}
2017-04-01 03:22:39 Error: [MissingControllerException] Controller class TemplateController could not be found.
Exception Attributes: array (
  'class' => 'TemplateController',
  'plugin' => NULL,
)
Request URL: /template/AdminLTE-2.3.0/dist/fonts/glyphicons-halflings-regular.woff
Stack Trace:
#0 C:\CUBETECH\Soltera\Repo\CUBETECH-SOLTERA\app\webroot\index.php(118): Dispatcher->dispatch(Object(CakeRequest), Object(CakeResponse))
#1 {main}
2017-04-01 03:22:39 Error: [MissingControllerException] Controller class TemplateController could not be found.
Exception Attributes: array (
  'class' => 'TemplateController',
  'plugin' => NULL,
)
Request URL: /template/AdminLTE-2.3.0/dist/fonts/glyphicons-halflings-regular.woff2
Stack Trace:
#0 C:\CUBETECH\Soltera\Repo\CUBETECH-SOLTERA\app\webroot\index.php(118): Dispatcher->dispatch(Object(CakeRequest), Object(CakeResponse))
#1 {main}
2017-04-01 03:22:39 Error: [MissingControllerException] Controller class TemplateController could not be found.
Exception Attributes: array (
  'class' => 'TemplateController',
  'plugin' => NULL,
)
Request URL: /template/AdminLTE-2.3.0/dist/fonts/glyphicons-halflings-regular.ttf
Stack Trace:
#0 C:\CUBETECH\Soltera\Repo\CUBETECH-SOLTERA\app\webroot\index.php(118): Dispatcher->dispatch(Object(CakeRequest), Object(CakeResponse))
#1 {main}
2017-04-01 03:22:43 Error: [MissingControllerException] Controller class TemplateController could not be found.
Exception Attributes: array (
  'class' => 'TemplateController',
  'plugin' => NULL,
)
Request URL: /template/AdminLTE-2.3.0/dist/fonts/glyphicons-halflings-regular.woff
Stack Trace:
#0 C:\CUBETECH\Soltera\Repo\CUBETECH-SOLTERA\app\webroot\index.php(118): Dispatcher->dispatch(Object(CakeRequest), Object(CakeResponse))
#1 {main}
2017-04-01 03:22:43 Error: [MissingControllerException] Controller class TemplateController could not be found.
Exception Attributes: array (
  'class' => 'TemplateController',
  'plugin' => NULL,
)
Request URL: /template/AdminLTE-2.3.0/dist/fonts/glyphicons-halflings-regular.woff2
Stack Trace:
#0 C:\CUBETECH\Soltera\Repo\CUBETECH-SOLTERA\app\webroot\index.php(118): Dispatcher->dispatch(Object(CakeRequest), Object(CakeResponse))
#1 {main}
2017-04-01 03:22:43 Error: [MissingControllerException] Controller class TemplateController could not be found.
Exception Attributes: array (
  'class' => 'TemplateController',
  'plugin' => NULL,
)
Request URL: /template/AdminLTE-2.3.0/dist/fonts/glyphicons-halflings-regular.ttf
Stack Trace:
#0 C:\CUBETECH\Soltera\Repo\CUBETECH-SOLTERA\app\webroot\index.php(118): Dispatcher->dispatch(Object(CakeRequest), Object(CakeResponse))
#1 {main}
2017-04-01 03:23:28 Error: [MissingControllerException] Controller class TemplateController could not be found.
Exception Attributes: array (
  'class' => 'TemplateController',
  'plugin' => NULL,
)
Request URL: /template/AdminLTE-2.3.0/dist/fonts/glyphicons-halflings-regular.woff
Stack Trace:
#0 C:\CUBETECH\Soltera\Repo\CUBETECH-SOLTERA\app\webroot\index.php(118): Dispatcher->dispatch(Object(CakeRequest), Object(CakeResponse))
#1 {main}
2017-04-01 03:23:28 Error: [MissingControllerException] Controller class TemplateController could not be found.
Exception Attributes: array (
  'class' => 'TemplateController',
  'plugin' => NULL,
)
Request URL: /template/AdminLTE-2.3.0/dist/fonts/glyphicons-halflings-regular.woff2
Stack Trace:
#0 C:\CUBETECH\Soltera\Repo\CUBETECH-SOLTERA\app\webroot\index.php(118): Dispatcher->dispatch(Object(CakeRequest), Object(CakeResponse))
#1 {main}
2017-04-01 03:23:28 Error: [MissingControllerException] Controller class TemplateController could not be found.
Exception Attributes: array (
  'class' => 'TemplateController',
  'plugin' => NULL,
)
Request URL: /template/AdminLTE-2.3.0/dist/fonts/glyphicons-halflings-regular.ttf
Stack Trace:
#0 C:\CUBETECH\Soltera\Repo\CUBETECH-SOLTERA\app\webroot\index.php(118): Dispatcher->dispatch(Object(CakeRequest), Object(CakeResponse))
#1 {main}
2017-04-01 03:23:30 Error: [MissingControllerException] Controller class TemplateController could not be found.
Exception Attributes: array (
  'class' => 'TemplateController',
  'plugin' => NULL,
)
Request URL: /template/AdminLTE-2.3.0/dist/fonts/glyphicons-halflings-regular.woff
Stack Trace:
#0 C:\CUBETECH\Soltera\Repo\CUBETECH-SOLTERA\app\webroot\index.php(118): Dispatcher->dispatch(Object(CakeRequest), Object(CakeResponse))
#1 {main}
2017-04-01 03:23:30 Error: [MissingControllerException] Controller class TemplateController could not be found.
Exception Attributes: array (
  'class' => 'TemplateController',
  'plugin' => NULL,
)
Request URL: /template/AdminLTE-2.3.0/dist/fonts/glyphicons-halflings-regular.woff2
Stack Trace:
#0 C:\CUBETECH\Soltera\Repo\CUBETECH-SOLTERA\app\webroot\index.php(118): Dispatcher->dispatch(Object(CakeRequest), Object(CakeResponse))
#1 {main}
2017-04-01 03:23:30 Error: [MissingControllerException] Controller class TemplateController could not be found.
Exception Attributes: array (
  'class' => 'TemplateController',
  'plugin' => NULL,
)
Request URL: /template/AdminLTE-2.3.0/dist/fonts/glyphicons-halflings-regular.ttf
Stack Trace:
#0 C:\CUBETECH\Soltera\Repo\CUBETECH-SOLTERA\app\webroot\index.php(118): Dispatcher->dispatch(Object(CakeRequest), Object(CakeResponse))
#1 {main}
2017-04-01 03:24:12 Error: [MissingControllerException] Controller class TemplateController could not be found.
Exception Attributes: array (
  'class' => 'TemplateController',
  'plugin' => NULL,
)
Request URL: /template/AdminLTE-2.3.0/dist/fonts/glyphicons-halflings-regular.woff
Stack Trace:
#0 C:\CUBETECH\Soltera\Repo\CUBETECH-SOLTERA\app\webroot\index.php(118): Dispatcher->dispatch(Object(CakeRequest), Object(CakeResponse))
#1 {main}
2017-04-01 03:24:13 Error: [MissingControllerException] Controller class TemplateController could not be found.
Exception Attributes: array (
  'class' => 'TemplateController',
  'plugin' => NULL,
)
Request URL: /template/AdminLTE-2.3.0/dist/fonts/glyphicons-halflings-regular.woff2
Stack Trace:
#0 C:\CUBETECH\Soltera\Repo\CUBETECH-SOLTERA\app\webroot\index.php(118): Dispatcher->dispatch(Object(CakeRequest), Object(CakeResponse))
#1 {main}
2017-04-01 03:24:13 Error: [MissingControllerException] Controller class TemplateController could not be found.
Exception Attributes: array (
  'class' => 'TemplateController',
  'plugin' => NULL,
)
Request URL: /template/AdminLTE-2.3.0/dist/fonts/glyphicons-halflings-regular.ttf
Stack Trace:
#0 C:\CUBETECH\Soltera\Repo\CUBETECH-SOLTERA\app\webroot\index.php(118): Dispatcher->dispatch(Object(CakeRequest), Object(CakeResponse))
#1 {main}
2017-04-01 04:18:56 Error: [MissingControllerException] Controller class TemplateController could not be found.
Exception Attributes: array (
  'class' => 'TemplateController',
  'plugin' => NULL,
)
Request URL: /template/AdminLTE-2.3.0/dist/fonts/glyphicons-halflings-regular.woff
Stack Trace:
#0 C:\CUBETECH\Soltera\Repo\CUBETECH-SOLTERA\app\webroot\index.php(118): Dispatcher->dispatch(Object(CakeRequest), Object(CakeResponse))
#1 {main}
2017-04-01 04:18:57 Error: [MissingControllerException] Controller class TemplateController could not be found.
Exception Attributes: array (
  'class' => 'TemplateController',
  'plugin' => NULL,
)
Request URL: /template/AdminLTE-2.3.0/dist/fonts/glyphicons-halflings-regular.woff2
Stack Trace:
#0 C:\CUBETECH\Soltera\Repo\CUBETECH-SOLTERA\app\webroot\index.php(118): Dispatcher->dispatch(Object(CakeRequest), Object(CakeResponse))
#1 {main}
2017-04-01 04:18:57 Error: [MissingControllerException] Controller class TemplateController could not be found.
Exception Attributes: array (
  'class' => 'TemplateController',
  'plugin' => NULL,
)
Request URL: /template/AdminLTE-2.3.0/dist/fonts/glyphicons-halflings-regular.ttf
Stack Trace:
#0 C:\CUBETECH\Soltera\Repo\CUBETECH-SOLTERA\app\webroot\index.php(118): Dispatcher->dispatch(Object(CakeRequest), Object(CakeResponse))
#1 {main}
2017-04-01 04:18:59 Error: [MissingControllerException] Controller class TemplateController could not be found.
Exception Attributes: array (
  'class' => 'TemplateController',
  'plugin' => NULL,
)
Request URL: /template/AdminLTE-2.3.0/dist/fonts/glyphicons-halflings-regular.woff
Stack Trace:
#0 C:\CUBETECH\Soltera\Repo\CUBETECH-SOLTERA\app\webroot\index.php(118): Dispatcher->dispatch(Object(CakeRequest), Object(CakeResponse))
#1 {main}
2017-04-01 04:18:59 Error: [MissingControllerException] Controller class TemplateController could not be found.
Exception Attributes: array (
  'class' => 'TemplateController',
  'plugin' => NULL,
)
Request URL: /template/AdminLTE-2.3.0/dist/fonts/glyphicons-halflings-regular.woff2
Stack Trace:
#0 C:\CUBETECH\Soltera\Repo\CUBETECH-SOLTERA\app\webroot\index.php(118): Dispatcher->dispatch(Object(CakeRequest), Object(CakeResponse))
#1 {main}
2017-04-01 04:18:59 Error: [MissingControllerException] Controller class TemplateController could not be found.
Exception Attributes: array (
  'class' => 'TemplateController',
  'plugin' => NULL,
)
Request URL: /template/AdminLTE-2.3.0/dist/fonts/glyphicons-halflings-regular.ttf
Stack Trace:
#0 C:\CUBETECH\Soltera\Repo\CUBETECH-SOLTERA\app\webroot\index.php(118): Dispatcher->dispatch(Object(CakeRequest), Object(CakeResponse))
#1 {main}
2017-04-01 04:19:04 Error: [MissingControllerException] Controller class TemplateController could not be found.
Exception Attributes: array (
  'class' => 'TemplateController',
  'plugin' => NULL,
)
Request URL: /template/AdminLTE-2.3.0/dist/fonts/glyphicons-halflings-regular.woff
Stack Trace:
#0 C:\CUBETECH\Soltera\Repo\CUBETECH-SOLTERA\app\webroot\index.php(118): Dispatcher->dispatch(Object(CakeRequest), Object(CakeResponse))
#1 {main}
2017-04-01 04:19:04 Error: [MissingControllerException] Controller class TemplateController could not be found.
Exception Attributes: array (
  'class' => 'TemplateController',
  'plugin' => NULL,
)
Request URL: /template/AdminLTE-2.3.0/dist/fonts/glyphicons-halflings-regular.woff2
Stack Trace:
#0 C:\CUBETECH\Soltera\Repo\CUBETECH-SOLTERA\app\webroot\index.php(118): Dispatcher->dispatch(Object(CakeRequest), Object(CakeResponse))
#1 {main}
2017-04-01 04:19:04 Error: [MissingControllerException] Controller class TemplateController could not be found.
Exception Attributes: array (
  'class' => 'TemplateController',
  'plugin' => NULL,
)
Request URL: /template/AdminLTE-2.3.0/dist/fonts/glyphicons-halflings-regular.ttf
Stack Trace:
#0 C:\CUBETECH\Soltera\Repo\CUBETECH-SOLTERA\app\webroot\index.php(118): Dispatcher->dispatch(Object(CakeRequest), Object(CakeResponse))
#1 {main}
2017-04-01 04:19:08 Error: [MissingControllerException] Controller class TemplateController could not be found.
Exception Attributes: array (
  'class' => 'TemplateController',
  'plugin' => NULL,
)
Request URL: /template/AdminLTE-2.3.0/dist/fonts/glyphicons-halflings-regular.woff
Stack Trace:
#0 C:\CUBETECH\Soltera\Repo\CUBETECH-SOLTERA\app\webroot\index.php(118): Dispatcher->dispatch(Object(CakeRequest), Object(CakeResponse))
#1 {main}
2017-04-01 04:19:08 Error: [MissingControllerException] Controller class TemplateController could not be found.
Exception Attributes: array (
  'class' => 'TemplateController',
  'plugin' => NULL,
)
Request URL: /template/AdminLTE-2.3.0/dist/fonts/glyphicons-halflings-regular.woff2
Stack Trace:
#0 C:\CUBETECH\Soltera\Repo\CUBETECH-SOLTERA\app\webroot\index.php(118): Dispatcher->dispatch(Object(CakeRequest), Object(CakeResponse))
#1 {main}
2017-04-01 04:19:08 Error: [MissingControllerException] Controller class TemplateController could not be found.
Exception Attributes: array (
  'class' => 'TemplateController',
  'plugin' => NULL,
)
Request URL: /template/AdminLTE-2.3.0/dist/fonts/glyphicons-halflings-regular.ttf
Stack Trace:
#0 C:\CUBETECH\Soltera\Repo\CUBETECH-SOLTERA\app\webroot\index.php(118): Dispatcher->dispatch(Object(CakeRequest), Object(CakeResponse))
#1 {main}
2017-04-01 04:19:15 Error: [MissingControllerException] Controller class TemplateController could not be found.
Exception Attributes: array (
  'class' => 'TemplateController',
  'plugin' => NULL,
)
Request URL: /template/AdminLTE-2.3.0/dist/fonts/glyphicons-halflings-regular.woff
Stack Trace:
#0 C:\CUBETECH\Soltera\Repo\CUBETECH-SOLTERA\app\webroot\index.php(118): Dispatcher->dispatch(Object(CakeRequest), Object(CakeResponse))
#1 {main}
2017-04-01 04:19:15 Error: [MissingControllerException] Controller class TemplateController could not be found.
Exception Attributes: array (
  'class' => 'TemplateController',
  'plugin' => NULL,
)
Request URL: /template/AdminLTE-2.3.0/dist/fonts/glyphicons-halflings-regular.woff2
Stack Trace:
#0 C:\CUBETECH\Soltera\Repo\CUBETECH-SOLTERA\app\webroot\index.php(118): Dispatcher->dispatch(Object(CakeRequest), Object(CakeResponse))
#1 {main}
2017-04-01 04:19:15 Error: [MissingControllerException] Controller class TemplateController could not be found.
Exception Attributes: array (
  'class' => 'TemplateController',
  'plugin' => NULL,
)
Request URL: /template/AdminLTE-2.3.0/dist/fonts/glyphicons-halflings-regular.ttf
Stack Trace:
#0 C:\CUBETECH\Soltera\Repo\CUBETECH-SOLTERA\app\webroot\index.php(118): Dispatcher->dispatch(Object(CakeRequest), Object(CakeResponse))
#1 {main}
2017-04-01 04:19:29 Error: [MissingControllerException] Controller class TemplateController could not be found.
Exception Attributes: array (
  'class' => 'TemplateController',
  'plugin' => NULL,
)
Request URL: /template/AdminLTE-2.3.0/dist/fonts/glyphicons-halflings-regular.woff
Stack Trace:
#0 C:\CUBETECH\Soltera\Repo\CUBETECH-SOLTERA\app\webroot\index.php(118): Dispatcher->dispatch(Object(CakeRequest), Object(CakeResponse))
#1 {main}
2017-04-01 04:19:29 Error: [MissingControllerException] Controller class TemplateController could not be found.
Exception Attributes: array (
  'class' => 'TemplateController',
  'plugin' => NULL,
)
Request URL: /template/AdminLTE-2.3.0/dist/fonts/glyphicons-halflings-regular.woff2
Stack Trace:
#0 C:\CUBETECH\Soltera\Repo\CUBETECH-SOLTERA\app\webroot\index.php(118): Dispatcher->dispatch(Object(CakeRequest), Object(CakeResponse))
#1 {main}
2017-04-01 04:19:29 Error: [MissingControllerException] Controller class TemplateController could not be found.
Exception Attributes: array (
  'class' => 'TemplateController',
  'plugin' => NULL,
)
Request URL: /template/AdminLTE-2.3.0/dist/fonts/glyphicons-halflings-regular.ttf
Stack Trace:
#0 C:\CUBETECH\Soltera\Repo\CUBETECH-SOLTERA\app\webroot\index.php(118): Dispatcher->dispatch(Object(CakeRequest), Object(CakeResponse))
#1 {main}
2017-04-01 04:19:54 Error: [MissingControllerException] Controller class TemplateController could not be found.
Exception Attributes: array (
  'class' => 'TemplateController',
  'plugin' => NULL,
)
Request URL: /template/AdminLTE-2.3.0/dist/fonts/glyphicons-halflings-regular.woff
Stack Trace:
#0 C:\CUBETECH\Soltera\Repo\CUBETECH-SOLTERA\app\webroot\index.php(118): Dispatcher->dispatch(Object(CakeRequest), Object(CakeResponse))
#1 {main}
2017-04-01 04:19:54 Error: [MissingControllerException] Controller class TemplateController could not be found.
Exception Attributes: array (
  'class' => 'TemplateController',
  'plugin' => NULL,
)
Request URL: /template/AdminLTE-2.3.0/dist/fonts/glyphicons-halflings-regular.woff2
Stack Trace:
#0 C:\CUBETECH\Soltera\Repo\CUBETECH-SOLTERA\app\webroot\index.php(118): Dispatcher->dispatch(Object(CakeRequest), Object(CakeResponse))
#1 {main}
2017-04-01 04:19:55 Error: [MissingControllerException] Controller class TemplateController could not be found.
Exception Attributes: array (
  'class' => 'TemplateController',
  'plugin' => NULL,
)
Request URL: /template/AdminLTE-2.3.0/dist/fonts/glyphicons-halflings-regular.ttf
Stack Trace:
#0 C:\CUBETECH\Soltera\Repo\CUBETECH-SOLTERA\app\webroot\index.php(118): Dispatcher->dispatch(Object(CakeRequest), Object(CakeResponse))
#1 {main}
2017-04-03 18:21:03 Error: [MissingControllerException] Controller class TemplateController could not be found.
Exception Attributes: array (
  'class' => 'TemplateController',
  'plugin' => NULL,
)
Request URL: /template/AdminLTE-2.3.0/dist/fonts/glyphicons-halflings-regular.woff
Stack Trace:
#0 C:\CUBETECH\Soltera\Repo\CUBETECH-SOLTERA\app\webroot\index.php(118): Dispatcher->dispatch(Object(CakeRequest), Object(CakeResponse))
#1 {main}
2017-04-03 18:21:04 Error: [MissingControllerException] Controller class TemplateController could not be found.
Exception Attributes: array (
  'class' => 'TemplateController',
  'plugin' => NULL,
)
Request URL: /template/AdminLTE-2.3.0/dist/fonts/glyphicons-halflings-regular.woff2
Stack Trace:
#0 C:\CUBETECH\Soltera\Repo\CUBETECH-SOLTERA\app\webroot\index.php(118): Dispatcher->dispatch(Object(CakeRequest), Object(CakeResponse))
#1 {main}
2017-04-03 18:21:04 Error: [MissingControllerException] Controller class TemplateController could not be found.
Exception Attributes: array (
  'class' => 'TemplateController',
  'plugin' => NULL,
)
Request URL: /template/AdminLTE-2.3.0/dist/fonts/glyphicons-halflings-regular.ttf
Stack Trace:
#0 C:\CUBETECH\Soltera\Repo\CUBETECH-SOLTERA\app\webroot\index.php(118): Dispatcher->dispatch(Object(CakeRequest), Object(CakeResponse))
#1 {main}
2017-04-03 18:21:13 Error: [MissingControllerException] Controller class JsController could not be found.
Exception Attributes: array (
  'class' => 'JsController',
  'plugin' => NULL,
)
Request URL: /js/datatable/pdfmake.min.js.map
Stack Trace:
#0 C:\CUBETECH\Soltera\Repo\CUBETECH-SOLTERA\app\webroot\index.php(118): Dispatcher->dispatch(Object(CakeRequest), Object(CakeResponse))
#1 {main}
2017-04-03 18:22:20 Error: [MissingControllerException] Controller class JsController could not be found.
Exception Attributes: array (
  'class' => 'JsController',
  'plugin' => NULL,
)
Request URL: /js/datatable/pdfmake.min.js.map
Stack Trace:
#0 C:\CUBETECH\Soltera\Repo\CUBETECH-SOLTERA\app\webroot\index.php(118): Dispatcher->dispatch(Object(CakeRequest), Object(CakeResponse))
#1 {main}
2017-04-03 18:22:27 Error: [MissingControllerException] Controller class JsController could not be found.
Exception Attributes: array (
  'class' => 'JsController',
  'plugin' => NULL,
)
Request URL: /js/datatable/pdfmake.min.js.map
Stack Trace:
#0 C:\CUBETECH\Soltera\Repo\CUBETECH-SOLTERA\app\webroot\index.php(118): Dispatcher->dispatch(Object(CakeRequest), Object(CakeResponse))
#1 {main}
2017-04-03 18:22:27 Error: [MissingControllerException] Controller class TemplateController could not be found.
Exception Attributes: array (
  'class' => 'TemplateController',
  'plugin' => NULL,
)
Request URL: /template/AdminLTE-2.3.0/dist/fonts/glyphicons-halflings-regular.woff
Stack Trace:
#0 C:\CUBETECH\Soltera\Repo\CUBETECH-SOLTERA\app\webroot\index.php(118): Dispatcher->dispatch(Object(CakeRequest), Object(CakeResponse))
#1 {main}
2017-04-03 18:22:28 Error: [MissingControllerException] Controller class TemplateController could not be found.
Exception Attributes: array (
  'class' => 'TemplateController',
  'plugin' => NULL,
)
Request URL: /template/AdminLTE-2.3.0/dist/fonts/glyphicons-halflings-regular.woff2
Stack Trace:
#0 C:\CUBETECH\Soltera\Repo\CUBETECH-SOLTERA\app\webroot\index.php(118): Dispatcher->dispatch(Object(CakeRequest), Object(CakeResponse))
#1 {main}
2017-04-03 18:22:28 Error: [MissingControllerException] Controller class TemplateController could not be found.
Exception Attributes: array (
  'class' => 'TemplateController',
  'plugin' => NULL,
)
Request URL: /template/AdminLTE-2.3.0/dist/fonts/glyphicons-halflings-regular.ttf
Stack Trace:
#0 C:\CUBETECH\Soltera\Repo\CUBETECH-SOLTERA\app\webroot\index.php(118): Dispatcher->dispatch(Object(CakeRequest), Object(CakeResponse))
#1 {main}
2017-04-03 18:33:39 Error: [MissingControllerException] Controller class JsController could not be found.
Exception Attributes: array (
  'class' => 'JsController',
  'plugin' => NULL,
)
Request URL: /js/datatable/pdfmake.min.js.map
Stack Trace:
#0 C:\CUBETECH\Soltera\Repo\CUBETECH-SOLTERA\app\webroot\index.php(118): Dispatcher->dispatch(Object(CakeRequest), Object(CakeResponse))
#1 {main}
2017-04-03 18:33:39 Error: [MissingControllerException] Controller class TemplateController could not be found.
Exception Attributes: array (
  'class' => 'TemplateController',
  'plugin' => NULL,
)
Request URL: /template/AdminLTE-2.3.0/dist/fonts/glyphicons-halflings-regular.woff
Stack Trace:
#0 C:\CUBETECH\Soltera\Repo\CUBETECH-SOLTERA\app\webroot\index.php(118): Dispatcher->dispatch(Object(CakeRequest), Object(CakeResponse))
#1 {main}
2017-04-03 18:33:39 Error: [MissingControllerException] Controller class TemplateController could not be found.
Exception Attributes: array (
  'class' => 'TemplateController',
  'plugin' => NULL,
)
Request URL: /template/AdminLTE-2.3.0/dist/fonts/glyphicons-halflings-regular.woff2
Stack Trace:
#0 C:\CUBETECH\Soltera\Repo\CUBETECH-SOLTERA\app\webroot\index.php(118): Dispatcher->dispatch(Object(CakeRequest), Object(CakeResponse))
#1 {main}
2017-04-03 18:33:40 Error: [MissingControllerException] Controller class TemplateController could not be found.
Exception Attributes: array (
  'class' => 'TemplateController',
  'plugin' => NULL,
)
Request URL: /template/AdminLTE-2.3.0/dist/fonts/glyphicons-halflings-regular.ttf
Stack Trace:
#0 C:\CUBETECH\Soltera\Repo\CUBETECH-SOLTERA\app\webroot\index.php(118): Dispatcher->dispatch(Object(CakeRequest), Object(CakeResponse))
#1 {main}
2017-04-03 18:34:07 Error: [MissingControllerException] Controller class JsController could not be found.
Exception Attributes: array (
  'class' => 'JsController',
  'plugin' => NULL,
)
Request URL: /js/datatable/pdfmake.min.js.map
Stack Trace:
#0 C:\CUBETECH\Soltera\Repo\CUBETECH-SOLTERA\app\webroot\index.php(118): Dispatcher->dispatch(Object(CakeRequest), Object(CakeResponse))
#1 {main}
2017-04-03 18:34:07 Error: [MissingControllerException] Controller class TemplateController could not be found.
Exception Attributes: array (
  'class' => 'TemplateController',
  'plugin' => NULL,
)
Request URL: /template/AdminLTE-2.3.0/dist/fonts/glyphicons-halflings-regular.woff
Stack Trace:
#0 C:\CUBETECH\Soltera\Repo\CUBETECH-SOLTERA\app\webroot\index.php(118): Dispatcher->dispatch(Object(CakeRequest), Object(CakeResponse))
#1 {main}
2017-04-03 18:34:08 Error: [MissingControllerException] Controller class TemplateController could not be found.
Exception Attributes: array (
  'class' => 'TemplateController',
  'plugin' => NULL,
)
Request URL: /template/AdminLTE-2.3.0/dist/fonts/glyphicons-halflings-regular.woff2
Stack Trace:
#0 C:\CUBETECH\Soltera\Repo\CUBETECH-SOLTERA\app\webroot\index.php(118): Dispatcher->dispatch(Object(CakeRequest), Object(CakeResponse))
#1 {main}
2017-04-03 18:34:08 Error: [MissingControllerException] Controller class TemplateController could not be found.
Exception Attributes: array (
  'class' => 'TemplateController',
  'plugin' => NULL,
)
Request URL: /template/AdminLTE-2.3.0/dist/fonts/glyphicons-halflings-regular.ttf
Stack Trace:
#0 C:\CUBETECH\Soltera\Repo\CUBETECH-SOLTERA\app\webroot\index.php(118): Dispatcher->dispatch(Object(CakeRequest), Object(CakeResponse))
#1 {main}
2017-04-03 18:34:31 Error: [MissingControllerException] Controller class JsController could not be found.
Exception Attributes: array (
  'class' => 'JsController',
  'plugin' => NULL,
)
Request URL: /js/datatable/pdfmake.min.js.map
Stack Trace:
#0 C:\CUBETECH\Soltera\Repo\CUBETECH-SOLTERA\app\webroot\index.php(118): Dispatcher->dispatch(Object(CakeRequest), Object(CakeResponse))
#1 {main}
2017-04-03 18:34:31 Error: [MissingControllerException] Controller class TemplateController could not be found.
Exception Attributes: array (
  'class' => 'TemplateController',
  'plugin' => NULL,
)
Request URL: /template/AdminLTE-2.3.0/dist/fonts/glyphicons-halflings-regular.woff
Stack Trace:
#0 C:\CUBETECH\Soltera\Repo\CUBETECH-SOLTERA\app\webroot\index.php(118): Dispatcher->dispatch(Object(CakeRequest), Object(CakeResponse))
#1 {main}
2017-04-03 18:34:31 Error: [MissingControllerException] Controller class TemplateController could not be found.
Exception Attributes: array (
  'class' => 'TemplateController',
  'plugin' => NULL,
)
Request URL: /template/AdminLTE-2.3.0/dist/fonts/glyphicons-halflings-regular.woff2
Stack Trace:
#0 C:\CUBETECH\Soltera\Repo\CUBETECH-SOLTERA\app\webroot\index.php(118): Dispatcher->dispatch(Object(CakeRequest), Object(CakeResponse))
#1 {main}
2017-04-03 18:34:31 Error: [MissingControllerException] Controller class TemplateController could not be found.
Exception Attributes: array (
  'class' => 'TemplateController',
  'plugin' => NULL,
)
Request URL: /template/AdminLTE-2.3.0/dist/fonts/glyphicons-halflings-regular.ttf
Stack Trace:
#0 C:\CUBETECH\Soltera\Repo\CUBETECH-SOLTERA\app\webroot\index.php(118): Dispatcher->dispatch(Object(CakeRequest), Object(CakeResponse))
#1 {main}
2017-04-03 18:34:58 Error: [MissingControllerException] Controller class JsController could not be found.
Exception Attributes: array (
  'class' => 'JsController',
  'plugin' => NULL,
)
Request URL: /js/datatable/pdfmake.min.js.map
Stack Trace:
#0 C:\CUBETECH\Soltera\Repo\CUBETECH-SOLTERA\app\webroot\index.php(118): Dispatcher->dispatch(Object(CakeRequest), Object(CakeResponse))
#1 {main}
2017-04-03 18:34:58 Error: [MissingControllerException] Controller class TemplateController could not be found.
Exception Attributes: array (
  'class' => 'TemplateController',
  'plugin' => NULL,
)
Request URL: /template/AdminLTE-2.3.0/dist/fonts/glyphicons-halflings-regular.woff
Stack Trace:
#0 C:\CUBETECH\Soltera\Repo\CUBETECH-SOLTERA\app\webroot\index.php(118): Dispatcher->dispatch(Object(CakeRequest), Object(CakeResponse))
#1 {main}
2017-04-03 18:34:58 Error: [MissingControllerException] Controller class TemplateController could not be found.
Exception Attributes: array (
  'class' => 'TemplateController',
  'plugin' => NULL,
)
Request URL: /template/AdminLTE-2.3.0/dist/fonts/glyphicons-halflings-regular.woff2
Stack Trace:
#0 C:\CUBETECH\Soltera\Repo\CUBETECH-SOLTERA\app\webroot\index.php(118): Dispatcher->dispatch(Object(CakeRequest), Object(CakeResponse))
#1 {main}
2017-04-03 18:34:58 Error: [MissingControllerException] Controller class TemplateController could not be found.
Exception Attributes: array (
  'class' => 'TemplateController',
  'plugin' => NULL,
)
Request URL: /template/AdminLTE-2.3.0/dist/fonts/glyphicons-halflings-regular.ttf
Stack Trace:
#0 C:\CUBETECH\Soltera\Repo\CUBETECH-SOLTERA\app\webroot\index.php(118): Dispatcher->dispatch(Object(CakeRequest), Object(CakeResponse))
#1 {main}
2017-04-03 18:35:25 Error: [MissingControllerException] Controller class JsController could not be found.
Exception Attributes: array (
  'class' => 'JsController',
  'plugin' => NULL,
)
Request URL: /js/datatable/pdfmake.min.js.map
Stack Trace:
#0 C:\CUBETECH\Soltera\Repo\CUBETECH-SOLTERA\app\webroot\index.php(118): Dispatcher->dispatch(Object(CakeRequest), Object(CakeResponse))
#1 {main}
2017-04-03 18:35:25 Error: [MissingControllerException] Controller class TemplateController could not be found.
Exception Attributes: array (
  'class' => 'TemplateController',
  'plugin' => NULL,
)
Request URL: /template/AdminLTE-2.3.0/dist/fonts/glyphicons-halflings-regular.woff
Stack Trace:
#0 C:\CUBETECH\Soltera\Repo\CUBETECH-SOLTERA\app\webroot\index.php(118): Dispatcher->dispatch(Object(CakeRequest), Object(CakeResponse))
#1 {main}
2017-04-03 18:35:26 Error: [MissingControllerException] Controller class TemplateController could not be found.
Exception Attributes: array (
  'class' => 'TemplateController',
  'plugin' => NULL,
)
Request URL: /template/AdminLTE-2.3.0/dist/fonts/glyphicons-halflings-regular.woff2
Stack Trace:
#0 C:\CUBETECH\Soltera\Repo\CUBETECH-SOLTERA\app\webroot\index.php(118): Dispatcher->dispatch(Object(CakeRequest), Object(CakeResponse))
#1 {main}
2017-04-03 18:35:26 Error: [MissingControllerException] Controller class TemplateController could not be found.
Exception Attributes: array (
  'class' => 'TemplateController',
  'plugin' => NULL,
)
Request URL: /template/AdminLTE-2.3.0/dist/fonts/glyphicons-halflings-regular.ttf
Stack Trace:
#0 C:\CUBETECH\Soltera\Repo\CUBETECH-SOLTERA\app\webroot\index.php(118): Dispatcher->dispatch(Object(CakeRequest), Object(CakeResponse))
#1 {main}
2017-04-03 18:38:50 Error: [MissingControllerException] Controller class JsController could not be found.
Exception Attributes: array (
  'class' => 'JsController',
  'plugin' => NULL,
)
Request URL: /js/datatable/pdfmake.min.js.map
Stack Trace:
#0 C:\CUBETECH\Soltera\Repo\CUBETECH-SOLTERA\app\webroot\index.php(118): Dispatcher->dispatch(Object(CakeRequest), Object(CakeResponse))
#1 {main}
2017-04-03 18:38:50 Error: [MissingControllerException] Controller class TemplateController could not be found.
Exception Attributes: array (
  'class' => 'TemplateController',
  'plugin' => NULL,
)
Request URL: /template/AdminLTE-2.3.0/dist/fonts/glyphicons-halflings-regular.woff
Stack Trace:
#0 C:\CUBETECH\Soltera\Repo\CUBETECH-SOLTERA\app\webroot\index.php(118): Dispatcher->dispatch(Object(CakeRequest), Object(CakeResponse))
#1 {main}
2017-04-03 18:38:51 Error: [MissingControllerException] Controller class TemplateController could not be found.
Exception Attributes: array (
  'class' => 'TemplateController',
  'plugin' => NULL,
)
Request URL: /template/AdminLTE-2.3.0/dist/fonts/glyphicons-halflings-regular.woff2
Stack Trace:
#0 C:\CUBETECH\Soltera\Repo\CUBETECH-SOLTERA\app\webroot\index.php(118): Dispatcher->dispatch(Object(CakeRequest), Object(CakeResponse))
#1 {main}
2017-04-03 18:38:51 Error: [MissingControllerException] Controller class TemplateController could not be found.
Exception Attributes: array (
  'class' => 'TemplateController',
  'plugin' => NULL,
)
Request URL: /template/AdminLTE-2.3.0/dist/fonts/glyphicons-halflings-regular.ttf
Stack Trace:
#0 C:\CUBETECH\Soltera\Repo\CUBETECH-SOLTERA\app\webroot\index.php(118): Dispatcher->dispatch(Object(CakeRequest), Object(CakeResponse))
#1 {main}
2017-04-03 18:41:11 Error: [MissingControllerException] Controller class JsController could not be found.
Exception Attributes: array (
  'class' => 'JsController',
  'plugin' => NULL,
)
Request URL: /js/datatable/pdfmake.min.js.map
Stack Trace:
#0 C:\CUBETECH\Soltera\Repo\CUBETECH-SOLTERA\app\webroot\index.php(118): Dispatcher->dispatch(Object(CakeRequest), Object(CakeResponse))
#1 {main}
2017-04-03 18:41:11 Error: [MissingControllerException] Controller class TemplateController could not be found.
Exception Attributes: array (
  'class' => 'TemplateController',
  'plugin' => NULL,
)
Request URL: /template/AdminLTE-2.3.0/dist/fonts/glyphicons-halflings-regular.woff
Stack Trace:
#0 C:\CUBETECH\Soltera\Repo\CUBETECH-SOLTERA\app\webroot\index.php(118): Dispatcher->dispatch(Object(CakeRequest), Object(CakeResponse))
#1 {main}
2017-04-03 18:41:11 Error: [MissingControllerException] Controller class TemplateController could not be found.
Exception Attributes: array (
  'class' => 'TemplateController',
  'plugin' => NULL,
)
Request URL: /template/AdminLTE-2.3.0/dist/fonts/glyphicons-halflings-regular.woff2
Stack Trace:
#0 C:\CUBETECH\Soltera\Repo\CUBETECH-SOLTERA\app\webroot\index.php(118): Dispatcher->dispatch(Object(CakeRequest), Object(CakeResponse))
#1 {main}
2017-04-03 18:41:11 Error: [MissingControllerException] Controller class TemplateController could not be found.
Exception Attributes: array (
  'class' => 'TemplateController',
  'plugin' => NULL,
)
Request URL: /template/AdminLTE-2.3.0/dist/fonts/glyphicons-halflings-regular.ttf
Stack Trace:
#0 C:\CUBETECH\Soltera\Repo\CUBETECH-SOLTERA\app\webroot\index.php(118): Dispatcher->dispatch(Object(CakeRequest), Object(CakeResponse))
#1 {main}
2017-04-03 18:43:57 Error: [MissingControllerException] Controller class JsController could not be found.
Exception Attributes: array (
  'class' => 'JsController',
  'plugin' => NULL,
)
Request URL: /js/datatable/pdfmake.min.js.map
Stack Trace:
#0 C:\CUBETECH\Soltera\Repo\CUBETECH-SOLTERA\app\webroot\index.php(118): Dispatcher->dispatch(Object(CakeRequest), Object(CakeResponse))
#1 {main}
2017-04-03 18:43:58 Error: [MissingControllerException] Controller class TemplateController could not be found.
Exception Attributes: array (
  'class' => 'TemplateController',
  'plugin' => NULL,
)
Request URL: /template/AdminLTE-2.3.0/dist/fonts/glyphicons-halflings-regular.woff
Stack Trace:
#0 C:\CUBETECH\Soltera\Repo\CUBETECH-SOLTERA\app\webroot\index.php(118): Dispatcher->dispatch(Object(CakeRequest), Object(CakeResponse))
#1 {main}
2017-04-03 18:43:58 Error: [MissingControllerException] Controller class TemplateController could not be found.
Exception Attributes: array (
  'class' => 'TemplateController',
  'plugin' => NULL,
)
Request URL: /template/AdminLTE-2.3.0/dist/fonts/glyphicons-halflings-regular.woff2
Stack Trace:
#0 C:\CUBETECH\Soltera\Repo\CUBETECH-SOLTERA\app\webroot\index.php(118): Dispatcher->dispatch(Object(CakeRequest), Object(CakeResponse))
#1 {main}
2017-04-03 18:43:58 Error: [MissingControllerException] Controller class TemplateController could not be found.
Exception Attributes: array (
  'class' => 'TemplateController',
  'plugin' => NULL,
)
Request URL: /template/AdminLTE-2.3.0/dist/fonts/glyphicons-halflings-regular.ttf
Stack Trace:
#0 C:\CUBETECH\Soltera\Repo\CUBETECH-SOLTERA\app\webroot\index.php(118): Dispatcher->dispatch(Object(CakeRequest), Object(CakeResponse))
#1 {main}
2017-04-03 18:46:44 Error: [MissingControllerException] Controller class JsController could not be found.
Exception Attributes: array (
  'class' => 'JsController',
  'plugin' => NULL,
)
Request URL: /js/datatable/pdfmake.min.js.map
Stack Trace:
#0 C:\CUBETECH\Soltera\Repo\CUBETECH-SOLTERA\app\webroot\index.php(118): Dispatcher->dispatch(Object(CakeRequest), Object(CakeResponse))
#1 {main}
2017-04-03 18:46:45 Error: [MissingControllerException] Controller class TemplateController could not be found.
Exception Attributes: array (
  'class' => 'TemplateController',
  'plugin' => NULL,
)
Request URL: /template/AdminLTE-2.3.0/dist/fonts/glyphicons-halflings-regular.woff
Stack Trace:
#0 C:\CUBETECH\Soltera\Repo\CUBETECH-SOLTERA\app\webroot\index.php(118): Dispatcher->dispatch(Object(CakeRequest), Object(CakeResponse))
#1 {main}
2017-04-03 18:46:45 Error: [MissingControllerException] Controller class TemplateController could not be found.
Exception Attributes: array (
  'class' => 'TemplateController',
  'plugin' => NULL,
)
Request URL: /template/AdminLTE-2.3.0/dist/fonts/glyphicons-halflings-regular.woff2
Stack Trace:
#0 C:\CUBETECH\Soltera\Repo\CUBETECH-SOLTERA\app\webroot\index.php(118): Dispatcher->dispatch(Object(CakeRequest), Object(CakeResponse))
#1 {main}
2017-04-03 18:46:45 Error: [MissingControllerException] Controller class TemplateController could not be found.
Exception Attributes: array (
  'class' => 'TemplateController',
  'plugin' => NULL,
)
Request URL: /template/AdminLTE-2.3.0/dist/fonts/glyphicons-halflings-regular.ttf
Stack Trace:
#0 C:\CUBETECH\Soltera\Repo\CUBETECH-SOLTERA\app\webroot\index.php(118): Dispatcher->dispatch(Object(CakeRequest), Object(CakeResponse))
#1 {main}
2017-04-03 18:47:57 Error: [MissingControllerException] Controller class JsController could not be found.
Exception Attributes: array (
  'class' => 'JsController',
  'plugin' => NULL,
)
Request URL: /js/datatable/pdfmake.min.js.map
Stack Trace:
#0 C:\CUBETECH\Soltera\Repo\CUBETECH-SOLTERA\app\webroot\index.php(118): Dispatcher->dispatch(Object(CakeRequest), Object(CakeResponse))
#1 {main}
2017-04-03 18:47:58 Error: [MissingControllerException] Controller class TemplateController could not be found.
Exception Attributes: array (
  'class' => 'TemplateController',
  'plugin' => NULL,
)
Request URL: /template/AdminLTE-2.3.0/dist/fonts/glyphicons-halflings-regular.woff
Stack Trace:
#0 C:\CUBETECH\Soltera\Repo\CUBETECH-SOLTERA\app\webroot\index.php(118): Dispatcher->dispatch(Object(CakeRequest), Object(CakeResponse))
#1 {main}
2017-04-03 18:47:58 Error: [MissingControllerException] Controller class TemplateController could not be found.
Exception Attributes: array (
  'class' => 'TemplateController',
  'plugin' => NULL,
)
Request URL: /template/AdminLTE-2.3.0/dist/fonts/glyphicons-halflings-regular.woff2
Stack Trace:
#0 C:\CUBETECH\Soltera\Repo\CUBETECH-SOLTERA\app\webroot\index.php(118): Dispatcher->dispatch(Object(CakeRequest), Object(CakeResponse))
#1 {main}
2017-04-03 18:47:59 Error: [MissingControllerException] Controller class TemplateController could not be found.
Exception Attributes: array (
  'class' => 'TemplateController',
  'plugin' => NULL,
)
Request URL: /template/AdminLTE-2.3.0/dist/fonts/glyphicons-halflings-regular.ttf
Stack Trace:
#0 C:\CUBETECH\Soltera\Repo\CUBETECH-SOLTERA\app\webroot\index.php(118): Dispatcher->dispatch(Object(CakeRequest), Object(CakeResponse))
#1 {main}
2017-04-03 18:51:24 Error: [MissingControllerException] Controller class JsController could not be found.
Exception Attributes: array (
  'class' => 'JsController',
  'plugin' => NULL,
)
Request URL: /js/datatable/pdfmake.min.js.map
Stack Trace:
#0 C:\CUBETECH\Soltera\Repo\CUBETECH-SOLTERA\app\webroot\index.php(118): Dispatcher->dispatch(Object(CakeRequest), Object(CakeResponse))
#1 {main}
2017-04-03 18:51:24 Error: [MissingControllerException] Controller class TemplateController could not be found.
Exception Attributes: array (
  'class' => 'TemplateController',
  'plugin' => NULL,
)
Request URL: /template/AdminLTE-2.3.0/dist/fonts/glyphicons-halflings-regular.woff
Stack Trace:
#0 C:\CUBETECH\Soltera\Repo\CUBETECH-SOLTERA\app\webroot\index.php(118): Dispatcher->dispatch(Object(CakeRequest), Object(CakeResponse))
#1 {main}
2017-04-03 18:51:25 Error: [MissingControllerException] Controller class TemplateController could not be found.
Exception Attributes: array (
  'class' => 'TemplateController',
  'plugin' => NULL,
)
Request URL: /template/AdminLTE-2.3.0/dist/fonts/glyphicons-halflings-regular.woff2
Stack Trace:
#0 C:\CUBETECH\Soltera\Repo\CUBETECH-SOLTERA\app\webroot\index.php(118): Dispatcher->dispatch(Object(CakeRequest), Object(CakeResponse))
#1 {main}
2017-04-03 18:51:25 Error: [MissingControllerException] Controller class TemplateController could not be found.
Exception Attributes: array (
  'class' => 'TemplateController',
  'plugin' => NULL,
)
Request URL: /template/AdminLTE-2.3.0/dist/fonts/glyphicons-halflings-regular.ttf
Stack Trace:
#0 C:\CUBETECH\Soltera\Repo\CUBETECH-SOLTERA\app\webroot\index.php(118): Dispatcher->dispatch(Object(CakeRequest), Object(CakeResponse))
#1 {main}
2017-04-03 21:03:11 Error: [MissingControllerException] Controller class JsController could not be found.
Exception Attributes: array (
  'class' => 'JsController',
  'plugin' => NULL,
)
Request URL: /js/datatable/pdfmake.min.js.map
Stack Trace:
#0 C:\CUBETECH\Soltera\Repo\CUBETECH-SOLTERA\app\webroot\index.php(118): Dispatcher->dispatch(Object(CakeRequest), Object(CakeResponse))
#1 {main}
2017-04-03 21:03:11 Error: [MissingControllerException] Controller class TemplateController could not be found.
Exception Attributes: array (
  'class' => 'TemplateController',
  'plugin' => NULL,
)
Request URL: /template/AdminLTE-2.3.0/dist/fonts/glyphicons-halflings-regular.woff
Stack Trace:
#0 C:\CUBETECH\Soltera\Repo\CUBETECH-SOLTERA\app\webroot\index.php(118): Dispatcher->dispatch(Object(CakeRequest), Object(CakeResponse))
#1 {main}
2017-04-03 21:03:12 Error: [MissingControllerException] Controller class TemplateController could not be found.
Exception Attributes: array (
  'class' => 'TemplateController',
  'plugin' => NULL,
)
Request URL: /template/AdminLTE-2.3.0/dist/fonts/glyphicons-halflings-regular.woff2
Stack Trace:
#0 C:\CUBETECH\Soltera\Repo\CUBETECH-SOLTERA\app\webroot\index.php(118): Dispatcher->dispatch(Object(CakeRequest), Object(CakeResponse))
#1 {main}
2017-04-03 21:03:12 Error: [MissingControllerException] Controller class TemplateController could not be found.
Exception Attributes: array (
  'class' => 'TemplateController',
  'plugin' => NULL,
)
Request URL: /template/AdminLTE-2.3.0/dist/fonts/glyphicons-halflings-regular.ttf
Stack Trace:
#0 C:\CUBETECH\Soltera\Repo\CUBETECH-SOLTERA\app\webroot\index.php(118): Dispatcher->dispatch(Object(CakeRequest), Object(CakeResponse))
#1 {main}
2017-04-03 21:24:41 Error: [MissingControllerException] Controller class JsController could not be found.
Exception Attributes: array (
  'class' => 'JsController',
  'plugin' => NULL,
)
Request URL: /js/datatable/pdfmake.min.js.map
Stack Trace:
#0 C:\CUBETECH\Soltera\Repo\CUBETECH-SOLTERA\app\webroot\index.php(118): Dispatcher->dispatch(Object(CakeRequest), Object(CakeResponse))
#1 {main}
2017-04-03 21:25:44 Error: [MissingControllerException] Controller class JsController could not be found.
Exception Attributes: array (
  'class' => 'JsController',
  'plugin' => NULL,
)
Request URL: /js/datatable/pdfmake.min.js.map
Stack Trace:
#0 C:\CUBETECH\Soltera\Repo\CUBETECH-SOLTERA\app\webroot\index.php(118): Dispatcher->dispatch(Object(CakeRequest), Object(CakeResponse))
#1 {main}
2017-04-03 21:25:54 Error: [MissingControllerException] Controller class JsController could not be found.
Exception Attributes: array (
  'class' => 'JsController',
  'plugin' => NULL,
)
Request URL: /js/datatable/pdfmake.min.js.map
Stack Trace:
#0 C:\CUBETECH\Soltera\Repo\CUBETECH-SOLTERA\app\webroot\index.php(118): Dispatcher->dispatch(Object(CakeRequest), Object(CakeResponse))
#1 {main}
2017-04-03 21:26:02 Error: [MissingControllerException] Controller class JsController could not be found.
Exception Attributes: array (
  'class' => 'JsController',
  'plugin' => NULL,
)
Request URL: /js/datatable/pdfmake.min.js.map
Stack Trace:
#0 C:\CUBETECH\Soltera\Repo\CUBETECH-SOLTERA\app\webroot\index.php(118): Dispatcher->dispatch(Object(CakeRequest), Object(CakeResponse))
#1 {main}
2017-04-03 21:26:03 Error: [MissingControllerException] Controller class TemplateController could not be found.
Exception Attributes: array (
  'class' => 'TemplateController',
  'plugin' => NULL,
)
Request URL: /template/AdminLTE-2.3.0/dist/fonts/glyphicons-halflings-regular.woff
Stack Trace:
#0 C:\CUBETECH\Soltera\Repo\CUBETECH-SOLTERA\app\webroot\index.php(118): Dispatcher->dispatch(Object(CakeRequest), Object(CakeResponse))
#1 {main}
2017-04-03 21:26:03 Error: [MissingControllerException] Controller class TemplateController could not be found.
Exception Attributes: array (
  'class' => 'TemplateController',
  'plugin' => NULL,
)
Request URL: /template/AdminLTE-2.3.0/dist/fonts/glyphicons-halflings-regular.woff2
Stack Trace:
#0 C:\CUBETECH\Soltera\Repo\CUBETECH-SOLTERA\app\webroot\index.php(118): Dispatcher->dispatch(Object(CakeRequest), Object(CakeResponse))
#1 {main}
2017-04-03 21:26:03 Error: [MissingControllerException] Controller class TemplateController could not be found.
Exception Attributes: array (
  'class' => 'TemplateController',
  'plugin' => NULL,
)
Request URL: /template/AdminLTE-2.3.0/dist/fonts/glyphicons-halflings-regular.ttf
Stack Trace:
#0 C:\CUBETECH\Soltera\Repo\CUBETECH-SOLTERA\app\webroot\index.php(118): Dispatcher->dispatch(Object(CakeRequest), Object(CakeResponse))
#1 {main}
2017-04-03 21:27:55 Error: [MissingControllerException] Controller class JsController could not be found.
Exception Attributes: array (
  'class' => 'JsController',
  'plugin' => NULL,
)
Request URL: /js/datatable/pdfmake.min.js.map
Stack Trace:
#0 C:\CUBETECH\Soltera\Repo\CUBETECH-SOLTERA\app\webroot\index.php(118): Dispatcher->dispatch(Object(CakeRequest), Object(CakeResponse))
#1 {main}
2017-04-03 21:27:55 Error: [MissingControllerException] Controller class TemplateController could not be found.
Exception Attributes: array (
  'class' => 'TemplateController',
  'plugin' => NULL,
)
Request URL: /template/AdminLTE-2.3.0/dist/fonts/glyphicons-halflings-regular.woff
Stack Trace:
#0 C:\CUBETECH\Soltera\Repo\CUBETECH-SOLTERA\app\webroot\index.php(118): Dispatcher->dispatch(Object(CakeRequest), Object(CakeResponse))
#1 {main}
2017-04-03 21:27:55 Error: [MissingControllerException] Controller class TemplateController could not be found.
Exception Attributes: array (
  'class' => 'TemplateController',
  'plugin' => NULL,
)
Request URL: /template/AdminLTE-2.3.0/dist/fonts/glyphicons-halflings-regular.woff2
Stack Trace:
#0 C:\CUBETECH\Soltera\Repo\CUBETECH-SOLTERA\app\webroot\index.php(118): Dispatcher->dispatch(Object(CakeRequest), Object(CakeResponse))
#1 {main}
2017-04-03 21:27:55 Error: [MissingControllerException] Controller class TemplateController could not be found.
Exception Attributes: array (
  'class' => 'TemplateController',
  'plugin' => NULL,
)
Request URL: /template/AdminLTE-2.3.0/dist/fonts/glyphicons-halflings-regular.ttf
Stack Trace:
#0 C:\CUBETECH\Soltera\Repo\CUBETECH-SOLTERA\app\webroot\index.php(118): Dispatcher->dispatch(Object(CakeRequest), Object(CakeResponse))
#1 {main}
2017-04-03 21:28:48 Error: [MissingControllerException] Controller class JsController could not be found.
Exception Attributes: array (
  'class' => 'JsController',
  'plugin' => NULL,
)
Request URL: /js/datatable/pdfmake.min.js.map
Stack Trace:
#0 C:\CUBETECH\Soltera\Repo\CUBETECH-SOLTERA\app\webroot\index.php(118): Dispatcher->dispatch(Object(CakeRequest), Object(CakeResponse))
#1 {main}
2017-04-03 21:28:48 Error: [MissingControllerException] Controller class TemplateController could not be found.
Exception Attributes: array (
  'class' => 'TemplateController',
  'plugin' => NULL,
)
Request URL: /template/AdminLTE-2.3.0/dist/fonts/glyphicons-halflings-regular.woff
Stack Trace:
#0 C:\CUBETECH\Soltera\Repo\CUBETECH-SOLTERA\app\webroot\index.php(118): Dispatcher->dispatch(Object(CakeRequest), Object(CakeResponse))
#1 {main}
2017-04-03 21:28:48 Error: [MissingControllerException] Controller class TemplateController could not be found.
Exception Attributes: array (
  'class' => 'TemplateController',
  'plugin' => NULL,
)
Request URL: /template/AdminLTE-2.3.0/dist/fonts/glyphicons-halflings-regular.woff2
Stack Trace:
#0 C:\CUBETECH\Soltera\Repo\CUBETECH-SOLTERA\app\webroot\index.php(118): Dispatcher->dispatch(Object(CakeRequest), Object(CakeResponse))
#1 {main}
2017-04-03 21:28:48 Error: [MissingControllerException] Controller class TemplateController could not be found.
Exception Attributes: array (
  'class' => 'TemplateController',
  'plugin' => NULL,
)
Request URL: /template/AdminLTE-2.3.0/dist/fonts/glyphicons-halflings-regular.ttf
Stack Trace:
#0 C:\CUBETECH\Soltera\Repo\CUBETECH-SOLTERA\app\webroot\index.php(118): Dispatcher->dispatch(Object(CakeRequest), Object(CakeResponse))
#1 {main}
2017-04-03 21:29:45 Error: [MissingControllerException] Controller class JsController could not be found.
Exception Attributes: array (
  'class' => 'JsController',
  'plugin' => NULL,
)
Request URL: /js/datatable/pdfmake.min.js.map
Stack Trace:
#0 C:\CUBETECH\Soltera\Repo\CUBETECH-SOLTERA\app\webroot\index.php(118): Dispatcher->dispatch(Object(CakeRequest), Object(CakeResponse))
#1 {main}
2017-04-03 21:29:45 Error: [MissingControllerException] Controller class TemplateController could not be found.
Exception Attributes: array (
  'class' => 'TemplateController',
  'plugin' => NULL,
)
Request URL: /template/AdminLTE-2.3.0/dist/fonts/glyphicons-halflings-regular.woff
Stack Trace:
#0 C:\CUBETECH\Soltera\Repo\CUBETECH-SOLTERA\app\webroot\index.php(118): Dispatcher->dispatch(Object(CakeRequest), Object(CakeResponse))
#1 {main}
2017-04-03 21:29:46 Error: [MissingControllerException] Controller class TemplateController could not be found.
Exception Attributes: array (
  'class' => 'TemplateController',
  'plugin' => NULL,
)
Request URL: /template/AdminLTE-2.3.0/dist/fonts/glyphicons-halflings-regular.woff2
Stack Trace:
#0 C:\CUBETECH\Soltera\Repo\CUBETECH-SOLTERA\app\webroot\index.php(118): Dispatcher->dispatch(Object(CakeRequest), Object(CakeResponse))
#1 {main}
2017-04-03 21:29:46 Error: [MissingControllerException] Controller class TemplateController could not be found.
Exception Attributes: array (
  'class' => 'TemplateController',
  'plugin' => NULL,
)
Request URL: /template/AdminLTE-2.3.0/dist/fonts/glyphicons-halflings-regular.ttf
Stack Trace:
#0 C:\CUBETECH\Soltera\Repo\CUBETECH-SOLTERA\app\webroot\index.php(118): Dispatcher->dispatch(Object(CakeRequest), Object(CakeResponse))
#1 {main}
2017-04-03 21:30:43 Error: [MissingControllerException] Controller class JsController could not be found.
Exception Attributes: array (
  'class' => 'JsController',
  'plugin' => NULL,
)
Request URL: /js/datatable/pdfmake.min.js.map
Stack Trace:
#0 C:\CUBETECH\Soltera\Repo\CUBETECH-SOLTERA\app\webroot\index.php(118): Dispatcher->dispatch(Object(CakeRequest), Object(CakeResponse))
#1 {main}
2017-04-03 21:30:43 Error: [MissingControllerException] Controller class TemplateController could not be found.
Exception Attributes: array (
  'class' => 'TemplateController',
  'plugin' => NULL,
)
Request URL: /template/AdminLTE-2.3.0/dist/fonts/glyphicons-halflings-regular.woff
Stack Trace:
#0 C:\CUBETECH\Soltera\Repo\CUBETECH-SOLTERA\app\webroot\index.php(118): Dispatcher->dispatch(Object(CakeRequest), Object(CakeResponse))
#1 {main}
2017-04-03 21:30:44 Error: [MissingControllerException] Controller class TemplateController could not be found.
Exception Attributes: array (
  'class' => 'TemplateController',
  'plugin' => NULL,
)
Request URL: /template/AdminLTE-2.3.0/dist/fonts/glyphicons-halflings-regular.woff2
Stack Trace:
#0 C:\CUBETECH\Soltera\Repo\CUBETECH-SOLTERA\app\webroot\index.php(118): Dispatcher->dispatch(Object(CakeRequest), Object(CakeResponse))
#1 {main}
2017-04-03 21:30:44 Error: [MissingControllerException] Controller class TemplateController could not be found.
Exception Attributes: array (
  'class' => 'TemplateController',
  'plugin' => NULL,
)
Request URL: /template/AdminLTE-2.3.0/dist/fonts/glyphicons-halflings-regular.ttf
Stack Trace:
#0 C:\CUBETECH\Soltera\Repo\CUBETECH-SOLTERA\app\webroot\index.php(118): Dispatcher->dispatch(Object(CakeRequest), Object(CakeResponse))
#1 {main}
2017-04-03 21:32:07 Error: [MissingControllerException] Controller class JsController could not be found.
Exception Attributes: array (
  'class' => 'JsController',
  'plugin' => NULL,
)
Request URL: /js/datatable/pdfmake.min.js.map
Stack Trace:
#0 C:\CUBETECH\Soltera\Repo\CUBETECH-SOLTERA\app\webroot\index.php(118): Dispatcher->dispatch(Object(CakeRequest), Object(CakeResponse))
#1 {main}
2017-04-03 21:32:07 Error: [MissingControllerException] Controller class TemplateController could not be found.
Exception Attributes: array (
  'class' => 'TemplateController',
  'plugin' => NULL,
)
Request URL: /template/AdminLTE-2.3.0/dist/fonts/glyphicons-halflings-regular.woff
Stack Trace:
#0 C:\CUBETECH\Soltera\Repo\CUBETECH-SOLTERA\app\webroot\index.php(118): Dispatcher->dispatch(Object(CakeRequest), Object(CakeResponse))
#1 {main}
2017-04-03 21:32:08 Error: [MissingControllerException] Controller class TemplateController could not be found.
Exception Attributes: array (
  'class' => 'TemplateController',
  'plugin' => NULL,
)
Request URL: /template/AdminLTE-2.3.0/dist/fonts/glyphicons-halflings-regular.woff2
Stack Trace:
#0 C:\CUBETECH\Soltera\Repo\CUBETECH-SOLTERA\app\webroot\index.php(118): Dispatcher->dispatch(Object(CakeRequest), Object(CakeResponse))
#1 {main}
2017-04-03 21:32:08 Error: [MissingControllerException] Controller class TemplateController could not be found.
Exception Attributes: array (
  'class' => 'TemplateController',
  'plugin' => NULL,
)
Request URL: /template/AdminLTE-2.3.0/dist/fonts/glyphicons-halflings-regular.ttf
Stack Trace:
#0 C:\CUBETECH\Soltera\Repo\CUBETECH-SOLTERA\app\webroot\index.php(118): Dispatcher->dispatch(Object(CakeRequest), Object(CakeResponse))
#1 {main}
2017-04-03 21:33:20 Error: [MissingControllerException] Controller class JsController could not be found.
Exception Attributes: array (
  'class' => 'JsController',
  'plugin' => NULL,
)
Request URL: /js/datatable/pdfmake.min.js.map
Stack Trace:
#0 C:\CUBETECH\Soltera\Repo\CUBETECH-SOLTERA\app\webroot\index.php(118): Dispatcher->dispatch(Object(CakeRequest), Object(CakeResponse))
#1 {main}
2017-04-03 21:33:21 Error: [MissingControllerException] Controller class TemplateController could not be found.
Exception Attributes: array (
  'class' => 'TemplateController',
  'plugin' => NULL,
)
Request URL: /template/AdminLTE-2.3.0/dist/fonts/glyphicons-halflings-regular.woff
Stack Trace:
#0 C:\CUBETECH\Soltera\Repo\CUBETECH-SOLTERA\app\webroot\index.php(118): Dispatcher->dispatch(Object(CakeRequest), Object(CakeResponse))
#1 {main}
2017-04-03 21:33:21 Error: [MissingControllerException] Controller class TemplateController could not be found.
Exception Attributes: array (
  'class' => 'TemplateController',
  'plugin' => NULL,
)
Request URL: /template/AdminLTE-2.3.0/dist/fonts/glyphicons-halflings-regular.woff2
Stack Trace:
#0 C:\CUBETECH\Soltera\Repo\CUBETECH-SOLTERA\app\webroot\index.php(118): Dispatcher->dispatch(Object(CakeRequest), Object(CakeResponse))
#1 {main}
2017-04-03 21:33:21 Error: [MissingControllerException] Controller class TemplateController could not be found.
Exception Attributes: array (
  'class' => 'TemplateController',
  'plugin' => NULL,
)
Request URL: /template/AdminLTE-2.3.0/dist/fonts/glyphicons-halflings-regular.ttf
Stack Trace:
#0 C:\CUBETECH\Soltera\Repo\CUBETECH-SOLTERA\app\webroot\index.php(118): Dispatcher->dispatch(Object(CakeRequest), Object(CakeResponse))
#1 {main}
2017-04-03 21:37:40 Error: [MissingControllerException] Controller class JsController could not be found.
Exception Attributes: array (
  'class' => 'JsController',
  'plugin' => NULL,
)
Request URL: /js/datatable/pdfmake.min.js.map
Stack Trace:
#0 C:\CUBETECH\Soltera\Repo\CUBETECH-SOLTERA\app\webroot\index.php(118): Dispatcher->dispatch(Object(CakeRequest), Object(CakeResponse))
#1 {main}
2017-04-03 21:37:40 Error: [MissingControllerException] Controller class TemplateController could not be found.
Exception Attributes: array (
  'class' => 'TemplateController',
  'plugin' => NULL,
)
Request URL: /template/AdminLTE-2.3.0/dist/fonts/glyphicons-halflings-regular.woff
Stack Trace:
#0 C:\CUBETECH\Soltera\Repo\CUBETECH-SOLTERA\app\webroot\index.php(118): Dispatcher->dispatch(Object(CakeRequest), Object(CakeResponse))
#1 {main}
2017-04-03 21:37:40 Error: [MissingControllerException] Controller class TemplateController could not be found.
Exception Attributes: array (
  'class' => 'TemplateController',
  'plugin' => NULL,
)
Request URL: /template/AdminLTE-2.3.0/dist/fonts/glyphicons-halflings-regular.woff2
Stack Trace:
#0 C:\CUBETECH\Soltera\Repo\CUBETECH-SOLTERA\app\webroot\index.php(118): Dispatcher->dispatch(Object(CakeRequest), Object(CakeResponse))
#1 {main}
2017-04-03 21:37:40 Error: [MissingControllerException] Controller class TemplateController could not be found.
Exception Attributes: array (
  'class' => 'TemplateController',
  'plugin' => NULL,
)
Request URL: /template/AdminLTE-2.3.0/dist/fonts/glyphicons-halflings-regular.ttf
Stack Trace:
#0 C:\CUBETECH\Soltera\Repo\CUBETECH-SOLTERA\app\webroot\index.php(118): Dispatcher->dispatch(Object(CakeRequest), Object(CakeResponse))
#1 {main}
2017-04-03 21:38:53 Error: [MissingControllerException] Controller class JsController could not be found.
Exception Attributes: array (
  'class' => 'JsController',
  'plugin' => NULL,
)
Request URL: /js/datatable/pdfmake.min.js.map
Stack Trace:
#0 C:\CUBETECH\Soltera\Repo\CUBETECH-SOLTERA\app\webroot\index.php(118): Dispatcher->dispatch(Object(CakeRequest), Object(CakeResponse))
#1 {main}
2017-04-03 21:38:53 Error: [MissingControllerException] Controller class TemplateController could not be found.
Exception Attributes: array (
  'class' => 'TemplateController',
  'plugin' => NULL,
)
Request URL: /template/AdminLTE-2.3.0/dist/fonts/glyphicons-halflings-regular.woff
Stack Trace:
#0 C:\CUBETECH\Soltera\Repo\CUBETECH-SOLTERA\app\webroot\index.php(118): Dispatcher->dispatch(Object(CakeRequest), Object(CakeResponse))
#1 {main}
2017-04-03 21:38:53 Error: [MissingControllerException] Controller class TemplateController could not be found.
Exception Attributes: array (
  'class' => 'TemplateController',
  'plugin' => NULL,
)
Request URL: /template/AdminLTE-2.3.0/dist/fonts/glyphicons-halflings-regular.woff2
Stack Trace:
#0 C:\CUBETECH\Soltera\Repo\CUBETECH-SOLTERA\app\webroot\index.php(118): Dispatcher->dispatch(Object(CakeRequest), Object(CakeResponse))
#1 {main}
2017-04-03 21:38:53 Error: [MissingControllerException] Controller class TemplateController could not be found.
Exception Attributes: array (
  'class' => 'TemplateController',
  'plugin' => NULL,
)
Request URL: /template/AdminLTE-2.3.0/dist/fonts/glyphicons-halflings-regular.ttf
Stack Trace:
#0 C:\CUBETECH\Soltera\Repo\CUBETECH-SOLTERA\app\webroot\index.php(118): Dispatcher->dispatch(Object(CakeRequest), Object(CakeResponse))
#1 {main}
2017-04-03 21:42:29 Error: [MissingControllerException] Controller class JsController could not be found.
Exception Attributes: array (
  'class' => 'JsController',
  'plugin' => NULL,
)
Request URL: /js/datatable/pdfmake.min.js.map
Stack Trace:
#0 C:\CUBETECH\Soltera\Repo\CUBETECH-SOLTERA\app\webroot\index.php(118): Dispatcher->dispatch(Object(CakeRequest), Object(CakeResponse))
#1 {main}
2017-04-03 21:42:29 Error: [MissingControllerException] Controller class TemplateController could not be found.
Exception Attributes: array (
  'class' => 'TemplateController',
  'plugin' => NULL,
)
Request URL: /template/AdminLTE-2.3.0/dist/fonts/glyphicons-halflings-regular.woff
Stack Trace:
#0 C:\CUBETECH\Soltera\Repo\CUBETECH-SOLTERA\app\webroot\index.php(118): Dispatcher->dispatch(Object(CakeRequest), Object(CakeResponse))
#1 {main}
2017-04-03 21:42:29 Error: [MissingControllerException] Controller class TemplateController could not be found.
Exception Attributes: array (
  'class' => 'TemplateController',
  'plugin' => NULL,
)
Request URL: /template/AdminLTE-2.3.0/dist/fonts/glyphicons-halflings-regular.woff2
Stack Trace:
#0 C:\CUBETECH\Soltera\Repo\CUBETECH-SOLTERA\app\webroot\index.php(118): Dispatcher->dispatch(Object(CakeRequest), Object(CakeResponse))
#1 {main}
2017-04-03 21:42:29 Error: [MissingControllerException] Controller class TemplateController could not be found.
Exception Attributes: array (
  'class' => 'TemplateController',
  'plugin' => NULL,
)
Request URL: /template/AdminLTE-2.3.0/dist/fonts/glyphicons-halflings-regular.ttf
Stack Trace:
#0 C:\CUBETECH\Soltera\Repo\CUBETECH-SOLTERA\app\webroot\index.php(118): Dispatcher->dispatch(Object(CakeRequest), Object(CakeResponse))
#1 {main}
2017-04-03 21:43:22 Error: [MissingControllerException] Controller class JsController could not be found.
Exception Attributes: array (
  'class' => 'JsController',
  'plugin' => NULL,
)
Request URL: /js/datatable/pdfmake.min.js.map
Stack Trace:
#0 C:\CUBETECH\Soltera\Repo\CUBETECH-SOLTERA\app\webroot\index.php(118): Dispatcher->dispatch(Object(CakeRequest), Object(CakeResponse))
#1 {main}
2017-04-03 21:43:22 Error: [MissingControllerException] Controller class TemplateController could not be found.
Exception Attributes: array (
  'class' => 'TemplateController',
  'plugin' => NULL,
)
Request URL: /template/AdminLTE-2.3.0/dist/fonts/glyphicons-halflings-regular.woff
Stack Trace:
#0 C:\CUBETECH\Soltera\Repo\CUBETECH-SOLTERA\app\webroot\index.php(118): Dispatcher->dispatch(Object(CakeRequest), Object(CakeResponse))
#1 {main}
2017-04-03 21:43:22 Error: [MissingControllerException] Controller class TemplateController could not be found.
Exception Attributes: array (
  'class' => 'TemplateController',
  'plugin' => NULL,
)
Request URL: /template/AdminLTE-2.3.0/dist/fonts/glyphicons-halflings-regular.woff2
Stack Trace:
#0 C:\CUBETECH\Soltera\Repo\CUBETECH-SOLTERA\app\webroot\index.php(118): Dispatcher->dispatch(Object(CakeRequest), Object(CakeResponse))
#1 {main}
2017-04-03 21:43:22 Error: [MissingControllerException] Controller class TemplateController could not be found.
Exception Attributes: array (
  'class' => 'TemplateController',
  'plugin' => NULL,
)
Request URL: /template/AdminLTE-2.3.0/dist/fonts/glyphicons-halflings-regular.ttf
Stack Trace:
#0 C:\CUBETECH\Soltera\Repo\CUBETECH-SOLTERA\app\webroot\index.php(118): Dispatcher->dispatch(Object(CakeRequest), Object(CakeResponse))
#1 {main}
2017-04-03 21:44:04 Error: [MissingControllerException] Controller class JsController could not be found.
Exception Attributes: array (
  'class' => 'JsController',
  'plugin' => NULL,
)
Request URL: /js/datatable/pdfmake.min.js.map
Stack Trace:
#0 C:\CUBETECH\Soltera\Repo\CUBETECH-SOLTERA\app\webroot\index.php(118): Dispatcher->dispatch(Object(CakeRequest), Object(CakeResponse))
#1 {main}
2017-04-03 21:44:04 Error: [MissingControllerException] Controller class TemplateController could not be found.
Exception Attributes: array (
  'class' => 'TemplateController',
  'plugin' => NULL,
)
Request URL: /template/AdminLTE-2.3.0/dist/fonts/glyphicons-halflings-regular.woff
Stack Trace:
#0 C:\CUBETECH\Soltera\Repo\CUBETECH-SOLTERA\app\webroot\index.php(118): Dispatcher->dispatch(Object(CakeRequest), Object(CakeResponse))
#1 {main}
2017-04-03 21:44:04 Error: [MissingControllerException] Controller class TemplateController could not be found.
Exception Attributes: array (
  'class' => 'TemplateController',
  'plugin' => NULL,
)
Request URL: /template/AdminLTE-2.3.0/dist/fonts/glyphicons-halflings-regular.woff2
Stack Trace:
#0 C:\CUBETECH\Soltera\Repo\CUBETECH-SOLTERA\app\webroot\index.php(118): Dispatcher->dispatch(Object(CakeRequest), Object(CakeResponse))
#1 {main}
2017-04-03 21:44:04 Error: [MissingControllerException] Controller class TemplateController could not be found.
Exception Attributes: array (
  'class' => 'TemplateController',
  'plugin' => NULL,
)
Request URL: /template/AdminLTE-2.3.0/dist/fonts/glyphicons-halflings-regular.ttf
Stack Trace:
#0 C:\CUBETECH\Soltera\Repo\CUBETECH-SOLTERA\app\webroot\index.php(118): Dispatcher->dispatch(Object(CakeRequest), Object(CakeResponse))
#1 {main}
2017-04-03 21:44:38 Error: [MissingControllerException] Controller class JsController could not be found.
Exception Attributes: array (
  'class' => 'JsController',
  'plugin' => NULL,
)
Request URL: /js/datatable/pdfmake.min.js.map
Stack Trace:
#0 C:\CUBETECH\Soltera\Repo\CUBETECH-SOLTERA\app\webroot\index.php(118): Dispatcher->dispatch(Object(CakeRequest), Object(CakeResponse))
#1 {main}
2017-04-03 21:44:38 Error: [MissingControllerException] Controller class TemplateController could not be found.
Exception Attributes: array (
  'class' => 'TemplateController',
  'plugin' => NULL,
)
Request URL: /template/AdminLTE-2.3.0/dist/fonts/glyphicons-halflings-regular.woff
Stack Trace:
#0 C:\CUBETECH\Soltera\Repo\CUBETECH-SOLTERA\app\webroot\index.php(118): Dispatcher->dispatch(Object(CakeRequest), Object(CakeResponse))
#1 {main}
2017-04-03 21:44:39 Error: [MissingControllerException] Controller class TemplateController could not be found.
Exception Attributes: array (
  'class' => 'TemplateController',
  'plugin' => NULL,
)
Request URL: /template/AdminLTE-2.3.0/dist/fonts/glyphicons-halflings-regular.woff2
Stack Trace:
#0 C:\CUBETECH\Soltera\Repo\CUBETECH-SOLTERA\app\webroot\index.php(118): Dispatcher->dispatch(Object(CakeRequest), Object(CakeResponse))
#1 {main}
2017-04-03 21:44:39 Error: [MissingControllerException] Controller class TemplateController could not be found.
Exception Attributes: array (
  'class' => 'TemplateController',
  'plugin' => NULL,
)
Request URL: /template/AdminLTE-2.3.0/dist/fonts/glyphicons-halflings-regular.ttf
Stack Trace:
#0 C:\CUBETECH\Soltera\Repo\CUBETECH-SOLTERA\app\webroot\index.php(118): Dispatcher->dispatch(Object(CakeRequest), Object(CakeResponse))
#1 {main}
2017-04-03 22:35:19 Error: [MissingControllerException] Controller class JsController could not be found.
Exception Attributes: array (
  'class' => 'JsController',
  'plugin' => NULL,
)
Request URL: /js/datatable/pdfmake.min.js.map
Stack Trace:
#0 C:\CUBETECH\Soltera\Repo\CUBETECH-SOLTERA\app\webroot\index.php(118): Dispatcher->dispatch(Object(CakeRequest), Object(CakeResponse))
#1 {main}
2017-04-03 22:35:34 Error: [MissingControllerException] Controller class JsController could not be found.
Exception Attributes: array (
  'class' => 'JsController',
  'plugin' => NULL,
)
Request URL: /js/datatable/pdfmake.min.js.map
Stack Trace:
#0 C:\CUBETECH\Soltera\Repo\CUBETECH-SOLTERA\app\webroot\index.php(118): Dispatcher->dispatch(Object(CakeRequest), Object(CakeResponse))
#1 {main}
2017-04-03 22:35:34 Error: [MissingControllerException] Controller class TemplateController could not be found.
Exception Attributes: array (
  'class' => 'TemplateController',
  'plugin' => NULL,
)
Request URL: /template/AdminLTE-2.3.0/dist/fonts/glyphicons-halflings-regular.woff
Stack Trace:
#0 C:\CUBETECH\Soltera\Repo\CUBETECH-SOLTERA\app\webroot\index.php(118): Dispatcher->dispatch(Object(CakeRequest), Object(CakeResponse))
#1 {main}
2017-04-03 22:35:35 Error: [MissingControllerException] Controller class TemplateController could not be found.
Exception Attributes: array (
  'class' => 'TemplateController',
  'plugin' => NULL,
)
Request URL: /template/AdminLTE-2.3.0/dist/fonts/glyphicons-halflings-regular.woff2
Stack Trace:
#0 C:\CUBETECH\Soltera\Repo\CUBETECH-SOLTERA\app\webroot\index.php(118): Dispatcher->dispatch(Object(CakeRequest), Object(CakeResponse))
#1 {main}
2017-04-03 22:35:35 Error: [MissingControllerException] Controller class TemplateController could not be found.
Exception Attributes: array (
  'class' => 'TemplateController',
  'plugin' => NULL,
)
Request URL: /template/AdminLTE-2.3.0/dist/fonts/glyphicons-halflings-regular.ttf
Stack Trace:
#0 C:\CUBETECH\Soltera\Repo\CUBETECH-SOLTERA\app\webroot\index.php(118): Dispatcher->dispatch(Object(CakeRequest), Object(CakeResponse))
#1 {main}
2017-07-26 20:05:58 Error: [MissingControllerException] Controller class TemplateController could not be found.
Exception Attributes: array (
  'class' => 'TemplateController',
  'plugin' => NULL,
)
Request URL: /template/AdminLTE-2.3.0/dist/fonts/glyphicons-halflings-regular.woff
Stack Trace:
#0 C:\CUBETECH\Soltera\Repo\CUBETECH-SOLTERA\app\webroot\index.php(118): Dispatcher->dispatch(Object(CakeRequest), Object(CakeResponse))
#1 {main}
2017-07-26 20:05:59 Error: [MissingControllerException] Controller class TemplateController could not be found.
Exception Attributes: array (
  'class' => 'TemplateController',
  'plugin' => NULL,
)
Request URL: /template/AdminLTE-2.3.0/dist/fonts/glyphicons-halflings-regular.woff2
Stack Trace:
#0 C:\CUBETECH\Soltera\Repo\CUBETECH-SOLTERA\app\webroot\index.php(118): Dispatcher->dispatch(Object(CakeRequest), Object(CakeResponse))
#1 {main}
2017-07-26 20:05:59 Error: [MissingControllerException] Controller class TemplateController could not be found.
Exception Attributes: array (
  'class' => 'TemplateController',
  'plugin' => NULL,
)
Request URL: /template/AdminLTE-2.3.0/dist/fonts/glyphicons-halflings-regular.ttf
Stack Trace:
#0 C:\CUBETECH\Soltera\Repo\CUBETECH-SOLTERA\app\webroot\index.php(118): Dispatcher->dispatch(Object(CakeRequest), Object(CakeResponse))
#1 {main}
2017-07-26 20:06:44 Error: [MissingControllerException] Controller class TemplateController could not be found.
Exception Attributes: array (
  'class' => 'TemplateController',
  'plugin' => NULL,
)
Request URL: /template/AdminLTE-2.3.0/dist/fonts/glyphicons-halflings-regular.woff
Stack Trace:
#0 C:\CUBETECH\Soltera\Repo\CUBETECH-SOLTERA\app\webroot\index.php(118): Dispatcher->dispatch(Object(CakeRequest), Object(CakeResponse))
#1 {main}
2017-07-26 20:06:44 Error: [MissingControllerException] Controller class TemplateController could not be found.
Exception Attributes: array (
  'class' => 'TemplateController',
  'plugin' => NULL,
)
Request URL: /template/AdminLTE-2.3.0/dist/fonts/glyphicons-halflings-regular.woff2
Stack Trace:
#0 C:\CUBETECH\Soltera\Repo\CUBETECH-SOLTERA\app\webroot\index.php(118): Dispatcher->dispatch(Object(CakeRequest), Object(CakeResponse))
#1 {main}
2017-07-26 20:06:45 Error: [MissingControllerException] Controller class TemplateController could not be found.
Exception Attributes: array (
  'class' => 'TemplateController',
  'plugin' => NULL,
)
Request URL: /template/AdminLTE-2.3.0/dist/fonts/glyphicons-halflings-regular.ttf
Stack Trace:
#0 C:\CUBETECH\Soltera\Repo\CUBETECH-SOLTERA\app\webroot\index.php(118): Dispatcher->dispatch(Object(CakeRequest), Object(CakeResponse))
#1 {main}
2017-07-26 20:07:05 Error: [MissingControllerException] Controller class TemplateController could not be found.
Exception Attributes: array (
  'class' => 'TemplateController',
  'plugin' => NULL,
)
Request URL: /template/AdminLTE-2.3.0/dist/fonts/glyphicons-halflings-regular.woff
Stack Trace:
#0 C:\CUBETECH\Soltera\Repo\CUBETECH-SOLTERA\app\webroot\index.php(118): Dispatcher->dispatch(Object(CakeRequest), Object(CakeResponse))
#1 {main}
2017-07-26 20:07:06 Error: [MissingControllerException] Controller class TemplateController could not be found.
Exception Attributes: array (
  'class' => 'TemplateController',
  'plugin' => NULL,
)
Request URL: /template/AdminLTE-2.3.0/dist/fonts/glyphicons-halflings-regular.woff2
Stack Trace:
#0 C:\CUBETECH\Soltera\Repo\CUBETECH-SOLTERA\app\webroot\index.php(118): Dispatcher->dispatch(Object(CakeRequest), Object(CakeResponse))
#1 {main}
2017-07-26 20:07:06 Error: [MissingControllerException] Controller class TemplateController could not be found.
Exception Attributes: array (
  'class' => 'TemplateController',
  'plugin' => NULL,
)
Request URL: /template/AdminLTE-2.3.0/dist/fonts/glyphicons-halflings-regular.ttf
Stack Trace:
#0 C:\CUBETECH\Soltera\Repo\CUBETECH-SOLTERA\app\webroot\index.php(118): Dispatcher->dispatch(Object(CakeRequest), Object(CakeResponse))
#1 {main}
2017-07-26 20:07:49 Error: [MissingControllerException] Controller class TemplateController could not be found.
Exception Attributes: array (
  'class' => 'TemplateController',
  'plugin' => NULL,
)
Request URL: /template/AdminLTE-2.3.0/dist/fonts/glyphicons-halflings-regular.woff
Stack Trace:
#0 C:\CUBETECH\Soltera\Repo\CUBETECH-SOLTERA\app\webroot\index.php(118): Dispatcher->dispatch(Object(CakeRequest), Object(CakeResponse))
#1 {main}
2017-07-26 20:07:49 Error: [MissingControllerException] Controller class TemplateController could not be found.
Exception Attributes: array (
  'class' => 'TemplateController',
  'plugin' => NULL,
)
Request URL: /template/AdminLTE-2.3.0/dist/fonts/glyphicons-halflings-regular.woff2
Stack Trace:
#0 C:\CUBETECH\Soltera\Repo\CUBETECH-SOLTERA\app\webroot\index.php(118): Dispatcher->dispatch(Object(CakeRequest), Object(CakeResponse))
#1 {main}
2017-07-26 20:07:49 Error: [MissingControllerException] Controller class TemplateController could not be found.
Exception Attributes: array (
  'class' => 'TemplateController',
  'plugin' => NULL,
)
Request URL: /template/AdminLTE-2.3.0/dist/fonts/glyphicons-halflings-regular.ttf
Stack Trace:
#0 C:\CUBETECH\Soltera\Repo\CUBETECH-SOLTERA\app\webroot\index.php(118): Dispatcher->dispatch(Object(CakeRequest), Object(CakeResponse))
#1 {main}
2017-07-26 20:08:04 Error: [MissingControllerException] Controller class TemplateController could not be found.
Exception Attributes: array (
  'class' => 'TemplateController',
  'plugin' => NULL,
)
Request URL: /template/AdminLTE-2.3.0/dist/fonts/glyphicons-halflings-regular.woff
Stack Trace:
#0 C:\CUBETECH\Soltera\Repo\CUBETECH-SOLTERA\app\webroot\index.php(118): Dispatcher->dispatch(Object(CakeRequest), Object(CakeResponse))
#1 {main}
2017-07-26 20:08:04 Error: [MissingControllerException] Controller class TemplateController could not be found.
Exception Attributes: array (
  'class' => 'TemplateController',
  'plugin' => NULL,
)
Request URL: /template/AdminLTE-2.3.0/dist/fonts/glyphicons-halflings-regular.woff2
Stack Trace:
#0 C:\CUBETECH\Soltera\Repo\CUBETECH-SOLTERA\app\webroot\index.php(118): Dispatcher->dispatch(Object(CakeRequest), Object(CakeResponse))
#1 {main}
2017-07-26 20:08:05 Error: [MissingControllerException] Controller class TemplateController could not be found.
Exception Attributes: array (
  'class' => 'TemplateController',
  'plugin' => NULL,
)
Request URL: /template/AdminLTE-2.3.0/dist/fonts/glyphicons-halflings-regular.ttf
Stack Trace:
#0 C:\CUBETECH\Soltera\Repo\CUBETECH-SOLTERA\app\webroot\index.php(118): Dispatcher->dispatch(Object(CakeRequest), Object(CakeResponse))
#1 {main}
2017-07-26 20:08:37 Error: [MissingControllerException] Controller class TemplateController could not be found.
Exception Attributes: array (
  'class' => 'TemplateController',
  'plugin' => NULL,
)
Request URL: /template/AdminLTE-2.3.0/dist/fonts/glyphicons-halflings-regular.woff
Stack Trace:
#0 C:\CUBETECH\Soltera\Repo\CUBETECH-SOLTERA\app\webroot\index.php(118): Dispatcher->dispatch(Object(CakeRequest), Object(CakeResponse))
#1 {main}
2017-07-26 20:08:37 Error: [MissingControllerException] Controller class TemplateController could not be found.
Exception Attributes: array (
  'class' => 'TemplateController',
  'plugin' => NULL,
)
Request URL: /template/AdminLTE-2.3.0/dist/fonts/glyphicons-halflings-regular.woff2
Stack Trace:
#0 C:\CUBETECH\Soltera\Repo\CUBETECH-SOLTERA\app\webroot\index.php(118): Dispatcher->dispatch(Object(CakeRequest), Object(CakeResponse))
#1 {main}
2017-07-26 20:08:37 Error: [MissingControllerException] Controller class TemplateController could not be found.
Exception Attributes: array (
  'class' => 'TemplateController',
  'plugin' => NULL,
)
Request URL: /template/AdminLTE-2.3.0/dist/fonts/glyphicons-halflings-regular.ttf
Stack Trace:
#0 C:\CUBETECH\Soltera\Repo\CUBETECH-SOLTERA\app\webroot\index.php(118): Dispatcher->dispatch(Object(CakeRequest), Object(CakeResponse))
#1 {main}
2017-07-26 20:08:58 Error: [MissingControllerException] Controller class TemplateController could not be found.
Exception Attributes: array (
  'class' => 'TemplateController',
  'plugin' => NULL,
)
Request URL: /template/AdminLTE-2.3.0/dist/fonts/glyphicons-halflings-regular.woff
Stack Trace:
#0 C:\CUBETECH\Soltera\Repo\CUBETECH-SOLTERA\app\webroot\index.php(118): Dispatcher->dispatch(Object(CakeRequest), Object(CakeResponse))
#1 {main}
2017-07-26 20:08:58 Error: [MissingControllerException] Controller class TemplateController could not be found.
Exception Attributes: array (
  'class' => 'TemplateController',
  'plugin' => NULL,
)
Request URL: /template/AdminLTE-2.3.0/dist/fonts/glyphicons-halflings-regular.woff2
Stack Trace:
#0 C:\CUBETECH\Soltera\Repo\CUBETECH-SOLTERA\app\webroot\index.php(118): Dispatcher->dispatch(Object(CakeRequest), Object(CakeResponse))
#1 {main}
2017-07-26 20:08:58 Error: [MissingControllerException] Controller class TemplateController could not be found.
Exception Attributes: array (
  'class' => 'TemplateController',
  'plugin' => NULL,
)
Request URL: /template/AdminLTE-2.3.0/dist/fonts/glyphicons-halflings-regular.ttf
Stack Trace:
#0 C:\CUBETECH\Soltera\Repo\CUBETECH-SOLTERA\app\webroot\index.php(118): Dispatcher->dispatch(Object(CakeRequest), Object(CakeResponse))
#1 {main}
2017-07-26 20:09:15 Error: [MissingControllerException] Controller class TemplateController could not be found.
Exception Attributes: array (
  'class' => 'TemplateController',
  'plugin' => NULL,
)
Request URL: /template/AdminLTE-2.3.0/dist/fonts/glyphicons-halflings-regular.woff
Stack Trace:
#0 C:\CUBETECH\Soltera\Repo\CUBETECH-SOLTERA\app\webroot\index.php(118): Dispatcher->dispatch(Object(CakeRequest), Object(CakeResponse))
#1 {main}
2017-07-26 20:09:16 Error: [MissingControllerException] Controller class TemplateController could not be found.
Exception Attributes: array (
  'class' => 'TemplateController',
  'plugin' => NULL,
)
Request URL: /template/AdminLTE-2.3.0/dist/fonts/glyphicons-halflings-regular.woff2
Stack Trace:
#0 C:\CUBETECH\Soltera\Repo\CUBETECH-SOLTERA\app\webroot\index.php(118): Dispatcher->dispatch(Object(CakeRequest), Object(CakeResponse))
#1 {main}
2017-07-26 20:09:16 Error: [MissingControllerException] Controller class TemplateController could not be found.
Exception Attributes: array (
  'class' => 'TemplateController',
  'plugin' => NULL,
)
Request URL: /template/AdminLTE-2.3.0/dist/fonts/glyphicons-halflings-regular.ttf
Stack Trace:
#0 C:\CUBETECH\Soltera\Repo\CUBETECH-SOLTERA\app\webroot\index.php(118): Dispatcher->dispatch(Object(CakeRequest), Object(CakeResponse))
#1 {main}
